#
# There is insufficient memory for the Java Runtime Environment to continue.
# Native memory allocation (mmap) failed to map 641728512 bytes for G1 virtual space
# Possible reasons:
#   The system is out of physical RAM or swap space
#   The process is running with CompressedOops enabled, and the Java Heap may be blocking the growth of the native heap
# Possible solutions:
#   Reduce memory load on the system
#   Increase physical memory or swap space
#   Check if swap backing store is full
#   Decrease Java heap size (-Xmx/-Xms)
#   Decrease number of Java threads
#   Decrease Java thread stack sizes (-Xss)
#   Set larger code cache with -XX:ReservedCodeCacheSize=
#   JVM is running with Zero Based Compressed Oops mode in which the Java heap is
#     placed in the first 32GB address space. The Java Heap base address is the
#     maximum limit for the native heap growth. Please use -XX:HeapBaseMinAddress
#     to set the Java Heap base and to place the Java Heap above 32GB virtual address.
# This output file may be truncated or incomplete.
#
#  Out of Memory Error (os_windows.cpp:3530), pid=22516, tid=25428
#
# JRE version: Java(TM) SE Runtime Environment (18.0.1.1+2) (build 18.0.1.1+2-6)
# Java VM: Java HotSpot(TM) 64-Bit Server VM (18.0.1.1+2-6, mixed mode, sharing, tiered, compressed oops, compressed class ptrs, g1 gc, windows-amd64)
# No core dump will be written. Minidumps are not enabled by default on client versions of Windows
#

---------------  S U M M A R Y ------------

Command Line: -Djava.library.path=F:\opencv\opencv\build\java\x64 -javaagent:F:\IntelliJ IDEA Community Edition 2022.1.3\lib\idea_rt.jar=55230:F:\IntelliJ IDEA Community Edition 2022.1.3\bin -Dfile.encoding=UTF-8 --module-path=F:\opencv\opencv\build\java\opencv-460.jar;C:\Users\nashk\.m2\repository\org\openjfx\javafx-fxml\18\javafx-fxml-18-win.jar;C:\Users\nashk\.m2\repository\org\openjfx\javafx-controls\18\javafx-controls-18-win.jar;F:\JVPr\singleThreadServExample_habr\appl1\target\classes;C:\Users\nashk\.m2\repository\org\openjfx\javafx-graphics\18\javafx-graphics-18-win.jar;C:\Users\nashk\.m2\repository\org\openjfx\javafx-base\18\javafx-base-18-win.jar -Djdk.module.main=com.example.appl1 com.example.appl1/com.example.appl1.HelloApplication

Host: AMD Ryzen 7 5700U with Radeon Graphics         , 16 cores, 9G,  Windows 10 , 64 bit Build 19041 (10.0.19041.2251)
Time: Thu Nov 24 13:11:00 2022 RTZ 2 (s 10 , 64 bit Build 19041 (10.0.19041.2251) elapsed time: 23.039525 seconds (0d 0h 0m 23s)

---------------  T H R E A D  ---------------

Current thread (0x000001b2ca67a2b0):  VMThread "VM Thread" [stack: 0x0000005aedc00000,0x0000005aedd00000] [id=25428]

Stack: [0x0000005aedc00000,0x0000005aedd00000]
Native frames: (J=compiled Java code, j=interpreted, Vv=VM code, C=native code)
V  [jvm.dll+0x69887a]
V  [jvm.dll+0x7f38bd]
V  [jvm.dll+0x7f51ce]
V  [jvm.dll+0x7f5883]
V  [jvm.dll+0x25ca3f]
V  [jvm.dll+0x6957c9]
V  [jvm.dll+0x68a2fa]
V  [jvm.dll+0x321efb]
V  [jvm.dll+0x3298d6]
V  [jvm.dll+0x37e47e]
V  [jvm.dll+0x37e6af]
V  [jvm.dll+0x2f9c7a]
V  [jvm.dll+0x2f9d27]
V  [jvm.dll+0x33e262]
V  [jvm.dll+0x33c804]
V  [jvm.dll+0x2f9450]
V  [jvm.dll+0x33bddb]
V  [jvm.dll+0x7fa66b]
V  [jvm.dll+0x7fb404]
V  [jvm.dll+0x7fb93c]
V  [jvm.dll+0x7fbd94]
V  [jvm.dll+0x7fbe57]
V  [jvm.dll+0x7a03ea]
V  [jvm.dll+0x697725]
C  [ucrtbase.dll+0x21bb2]
C  [KERNEL32.DLL+0x174b4]
C  [ntdll.dll+0x526a1]

VM_Operation (0x0000005aef2fc480): G1CollectForAllocation, mode: safepoint, requested by thread 0x000001b2cf6f31c0


---------------  P R O C E S S  ---------------

Threads class SMR info:
_java_thread_list=0x000001b2d7152f80, length=20, elements={
0x000001b2aa7efeb0, 0x000001b2ca67cd50, 0x000001b2ca67d8c0, 0x000001b2ca69c570,
0x000001b2ca69ce20, 0x000001b2ca69d6d0, 0x000001b2ca69ff90, 0x000001b2ca6a0cb0,
0x000001b2ca6a6bf0, 0x000001b2ca6a7620, 0x000001b2aa8b9e50, 0x000001b2cf2083a0,
0x000001b2cebc0df0, 0x000001b2cf58b060, 0x000001b2cf652a70, 0x000001b2cf6f31c0,
0x000001b2cf83cd70, 0x000001b2cf9366f0, 0x000001b2cfccb540, 0x000001b2ce955b30
}

Java Threads: ( => current thread )
  0x000001b2aa7efeb0 JavaThread "main" [_thread_blocked, id=16076, stack(0x0000005aed600000,0x0000005aed700000)]
  0x000001b2ca67cd50 JavaThread "Reference Handler" daemon [_thread_blocked, id=24548, stack(0x0000005aedd00000,0x0000005aede00000)]
  0x000001b2ca67d8c0 JavaThread "Finalizer" daemon [_thread_blocked, id=24788, stack(0x0000005aede00000,0x0000005aedf00000)]
  0x000001b2ca69c570 JavaThread "Signal Dispatcher" daemon [_thread_blocked, id=956, stack(0x0000005aedf00000,0x0000005aee000000)]
  0x000001b2ca69ce20 JavaThread "Attach Listener" daemon [_thread_blocked, id=25572, stack(0x0000005aee000000,0x0000005aee100000)]
  0x000001b2ca69d6d0 JavaThread "Service Thread" daemon [_thread_blocked, id=22764, stack(0x0000005aee100000,0x0000005aee200000)]
  0x000001b2ca69ff90 JavaThread "Monitor Deflation Thread" daemon [_thread_blocked, id=24816, stack(0x0000005aee200000,0x0000005aee300000)]
  0x000001b2ca6a0cb0 JavaThread "C2 CompilerThread0" daemon [_thread_blocked, id=17788, stack(0x0000005aee300000,0x0000005aee400000)]
  0x000001b2ca6a6bf0 JavaThread "C1 CompilerThread0" daemon [_thread_blocked, id=18112, stack(0x0000005aee400000,0x0000005aee500000)]
  0x000001b2ca6a7620 JavaThread "Sweeper thread" daemon [_thread_blocked, id=10872, stack(0x0000005aee500000,0x0000005aee600000)]
  0x000001b2aa8b9e50 JavaThread "Common-Cleaner" daemon [_thread_blocked, id=16576, stack(0x0000005aee600000,0x0000005aee700000)]
  0x000001b2cf2083a0 JavaThread "Monitor Ctrl-Break" daemon [_thread_in_native, id=5656, stack(0x0000005aeec00000,0x0000005aeed00000)]
  0x000001b2cebc0df0 JavaThread "Notification Thread" daemon [_thread_blocked, id=15640, stack(0x0000005aeed00000,0x0000005aeee00000)]
  0x000001b2cf58b060 JavaThread "QuantumRenderer-0" daemon [_thread_blocked, id=14856, stack(0x0000005aeeb00000,0x0000005aeec00000)]
  0x000001b2cf652a70 JavaThread "InvokeLaterDispatcher" daemon [_thread_blocked, id=7020, stack(0x0000005aef100000,0x0000005aef200000)]
  0x000001b2cf6f31c0 JavaThread "JavaFX Application Thread" [_thread_blocked, id=3532, stack(0x0000005aef200000,0x0000005aef300000)]
  0x000001b2cf83cd70 JavaThread "Thread-1" daemon [_thread_blocked, id=17068, stack(0x0000005aeea00000,0x0000005aeeb00000)]
  0x000001b2cf9366f0 JavaThread "JavaFX-Launcher" [_thread_blocked, id=3864, stack(0x0000005aefd00000,0x0000005aefe00000)]
  0x000001b2cfccb540 JavaThread "Prism Font Disposer" daemon [_thread_blocked, id=10192, stack(0x0000005af1c00000,0x0000005af1d00000)]
  0x000001b2ce955b30 JavaThread "C2 CompilerThread1" daemon [_thread_blocked, id=24796, stack(0x0000005af2300000,0x0000005af2400000)]

Other Threads:
=>0x000001b2ca67a2b0 VMThread "VM Thread" [stack: 0x0000005aedc00000,0x0000005aedd00000] [id=25428]
  0x000001b2cf1399d0 WatcherThread "VM Periodic Task Thread" [stack: 0x0000005aeee00000,0x0000005aeef00000] [id=15384]
  0x000001b2aa8447a0 WorkerThread "GC Thread#0" [stack: 0x0000005aed700000,0x0000005aed800000] [id=25108]
  0x000001b2cf874eb0 WorkerThread "GC Thread#1" [stack: 0x0000005aefe00000,0x0000005aeff00000] [id=9720]
  0x000001b2cf651460 WorkerThread "GC Thread#2" [stack: 0x0000005aeff00000,0x0000005af0000000] [id=13952]
  0x000001b2cf936030 WorkerThread "GC Thread#3" [stack: 0x0000005af0000000,0x0000005af0100000] [id=21984]
  0x000001b2cf937b60 WorkerThread "GC Thread#4" [stack: 0x0000005af0100000,0x0000005af0200000] [id=5928]
  0x000001b2cf964460 WorkerThread "GC Thread#5" [stack: 0x0000005af0200000,0x0000005af0300000] [id=23512]
  0x000001b2cff23100 WorkerThread "GC Thread#6" [stack: 0x0000005af0400000,0x0000005af0500000] [id=24872]
  0x000001b2cff233a0 WorkerThread "GC Thread#7" [stack: 0x0000005af0500000,0x0000005af0600000] [id=9636]
  0x000001b2cff23640 WorkerThread "GC Thread#8" [stack: 0x0000005af0600000,0x0000005af0700000] [id=22640]
  0x000001b2cff238e0 WorkerThread "GC Thread#9" [stack: 0x0000005af0700000,0x0000005af0800000] [id=17948]
  0x000001b2cff3fba0 WorkerThread "GC Thread#10" [stack: 0x0000005af1d00000,0x0000005af1e00000] [id=22948]
  0x000001b2cff3f120 WorkerThread "GC Thread#11" [stack: 0x0000005af1e00000,0x0000005af1f00000] [id=2504]
  0x000001b2cff3f660 WorkerThread "GC Thread#12" [stack: 0x0000005af1f00000,0x0000005af2000000] [id=12800]
  0x000001b2aa8523e0 ConcurrentGCThread "G1 Main Marker" [stack: 0x0000005aed800000,0x0000005aed900000] [id=19956]
  0x000001b2aa853480 WorkerThread "G1 Conc#0" [stack: 0x0000005aed900000,0x0000005aeda00000] [id=11788]
  0x000001b2cff400e0 WorkerThread "G1 Conc#1" [stack: 0x0000005af2000000,0x0000005af2100000] [id=17244]
  0x000001b2cff40380 WorkerThread "G1 Conc#2" [stack: 0x0000005af2100000,0x0000005af2200000] [id=8168]
  0x000001b2aa8a86d0 ConcurrentGCThread "G1 Refine#0" [stack: 0x0000005aeda00000,0x0000005aedb00000] [id=24516]
  0x000001b2cf863010 ConcurrentGCThread "G1 Refine#1" [stack: 0x0000005af0800000,0x0000005af0900000] [id=22500]
  0x000001b2cf862200 ConcurrentGCThread "G1 Refine#2" [stack: 0x0000005af0900000,0x0000005af0a00000] [id=24828]
  0x000001b2cf8632e0 ConcurrentGCThread "G1 Refine#3" [stack: 0x0000005af0a00000,0x0000005af0b00000] [id=15524]
  0x000001b2cf8624d0 ConcurrentGCThread "G1 Refine#4" [stack: 0x0000005aee700000,0x0000005aee800000] [id=6648]
  0x000001b2cfb95b20 ConcurrentGCThread "G1 Refine#5" [stack: 0x0000005af2200000,0x0000005af2300000] [id=10020]
  0x000001b2aa8a8ef0 ConcurrentGCThread "G1 Service" [stack: 0x0000005aedb00000,0x0000005aedc00000] [id=14516]

Threads with active compile tasks:
C2 CompilerThread0    23091 4963       4       javafx.scene.chart.BarChart::createBar (103 bytes)
C2 CompilerThread1    23091 4953       4       javafx.css.StyleableBooleanProperty::bind (13 bytes)

VM state: at safepoint (normal execution)

VM Mutex/Monitor currently owned by a thread:  ([mutex/lock_event])
[0x000001b2aa7eb880] Threads_lock - owner thread: 0x000001b2ca67a2b0
[0x000001b2aa7ec2a0] Heap_lock - owner thread: 0x000001b2cf6f31c0

Heap address: 0x0000000762200000, size: 2526 MB, Compressed Oops mode: Zero based, Oop shift amount: 3

CDS archive(s) mapped at: [0x0000000800000000-0x0000000800ba0000-0x0000000800ba0000), size 12189696, SharedBaseAddress: 0x0000000800000000, ArchiveRelocationMode: 0.
Compressed class space mapped at: 0x0000000800c00000-0x0000000840c00000, reserved size: 1073741824
Narrow klass base: 0x0000000800000000, Narrow klass shift: 0, Narrow klass range: 0x100000000

GC Precious Log:
 CardTable entry size: 512
 Card Set container configuration: InlinePtr #cards 4 size 8 Array Of Cards #cards 16 size 48 Howl #buckets 8 coarsen threshold 3686 Howl Bitmap #cards 512 size 80 coarsen threshold 460 Card regions per heap region 1 cards per card region 4096
 CPUs: 16 total, 16 available
 Memory: 10101M
 Large Page Support: Disabled
 NUMA Support: Disabled
 Compressed Oops: Enabled (Zero based)
 Heap Region Size: 2M
 Heap Min Capacity: 8M
 Heap Initial Capacity: 158M
 Heap Max Capacity: 2526M
 Pre-touch: Disabled
 Parallel Workers: 13
 Concurrent Workers: 3
 Concurrent Refinement Workers: 13
 Periodic GC: Disabled

Heap:
 garbage-first heap   total 679936K, used 306334K [0x0000000762200000, 0x0000000800000000)
  region size 2048K, 12 young (24576K), 12 survivors (24576K)
 Metaspace       used 14827K, committed 15104K, reserved 1114112K
  class space    used 2046K, committed 2176K, reserved 1048576K

Heap Regions: E=young(eden), S=young(survivor), O=old, HS=humongous(starts), HC=humongous(continues), CS=collection set, F=free, OA=open archive, CA=closed archive, TAMS=top-at-mark-start (previous, next)
|   0|0x0000000762200000, 0x0000000762400000, 0x0000000762400000|100%| O|  |TAMS 0x0000000762400000, 0x0000000762200000| Untracked 
|   1|0x0000000762400000, 0x0000000762600000, 0x0000000762600000|100%| O|  |TAMS 0x0000000762600000, 0x0000000762400000| Untracked 
|   2|0x0000000762600000, 0x0000000762800000, 0x0000000762800000|100%| O|  |TAMS 0x0000000762800000, 0x0000000762600000| Untracked 
|   3|0x0000000762800000, 0x0000000762a00000, 0x0000000762a00000|100%| O|  |TAMS 0x0000000762a00000, 0x0000000762800000| Untracked 
|   4|0x0000000762a00000, 0x0000000762c00000, 0x0000000762c00000|100%| O|  |TAMS 0x0000000762c00000, 0x0000000762a00000| Untracked 
|   5|0x0000000762c00000, 0x0000000762e00000, 0x0000000762e00000|100%|HS|  |TAMS 0x0000000762c00000, 0x0000000762c00000| Complete 
|   6|0x0000000762e00000, 0x0000000763000000, 0x0000000763000000|100%| O|  |TAMS 0x0000000763000000, 0x0000000762e00000| Untracked 
|   7|0x0000000763000000, 0x0000000763200000, 0x0000000763200000|100%| O|  |TAMS 0x0000000763200000, 0x0000000763000000| Untracked 
|   8|0x0000000763200000, 0x0000000763400000, 0x0000000763400000|100%|HS|  |TAMS 0x0000000763400000, 0x0000000763200000| Complete 
|   9|0x0000000763400000, 0x0000000763600000, 0x0000000763600000|100%|HS|  |TAMS 0x0000000763400000, 0x0000000763400000| Complete 
|  10|0x0000000763600000, 0x0000000763800000, 0x0000000763800000|100%|HS|  |TAMS 0x0000000763800000, 0x0000000763600000| Complete 
|  11|0x0000000763800000, 0x0000000763a00000, 0x0000000763a00000|100%| O|  |TAMS 0x0000000763a00000, 0x0000000763800000| Untracked 
|  12|0x0000000763a00000, 0x0000000763c00000, 0x0000000763c00000|100%|HS|  |TAMS 0x0000000763c00000, 0x0000000763a00000| Complete 
|  13|0x0000000763c00000, 0x0000000763e00000, 0x0000000763e00000|100%| O|  |TAMS 0x0000000763e00000, 0x0000000763c00000| Untracked 
|  14|0x0000000763e00000, 0x0000000764000000, 0x0000000764000000|100%| O|  |TAMS 0x0000000763e00000, 0x0000000763e00000| Untracked 
|  15|0x0000000764000000, 0x0000000764200000, 0x0000000764200000|100%|HS|  |TAMS 0x0000000764000000, 0x0000000764000000| Complete 
|  16|0x0000000764200000, 0x0000000764400000, 0x0000000764400000|100%| O|  |TAMS 0x0000000764200000, 0x0000000764200000| Untracked 
|  17|0x0000000764400000, 0x0000000764600000, 0x0000000764600000|100%| O|  |TAMS 0x0000000764600000, 0x0000000764400000| Untracked 
|  18|0x0000000764600000, 0x0000000764800000, 0x0000000764800000|100%| O|  |TAMS 0x0000000764800000, 0x0000000764600000| Untracked 
|  19|0x0000000764800000, 0x0000000764a00000, 0x0000000764a00000|100%|HS|  |TAMS 0x0000000764800000, 0x0000000764800000| Complete 
|  20|0x0000000764a00000, 0x0000000764c00000, 0x0000000764c00000|100%|HS|  |TAMS 0x0000000764c00000, 0x0000000764a00000| Complete 
|  21|0x0000000764c00000, 0x0000000764e00000, 0x0000000764e00000|100%| O|  |TAMS 0x0000000764e00000, 0x0000000764c00000| Untracked 
|  22|0x0000000764e00000, 0x0000000765000000, 0x0000000765000000|100%| O|  |TAMS 0x0000000765000000, 0x0000000764e00000| Untracked 
|  23|0x0000000765000000, 0x0000000765200000, 0x0000000765200000|100%| O|  |TAMS 0x0000000765200000, 0x0000000765000000| Untracked 
|  24|0x0000000765200000, 0x0000000765400000, 0x0000000765400000|100%| O|  |TAMS 0x0000000765400000, 0x0000000765200000| Untracked 
|  25|0x0000000765400000, 0x0000000765600000, 0x0000000765600000|100%| O|  |TAMS 0x0000000765600000, 0x0000000765400000| Untracked 
|  26|0x0000000765600000, 0x0000000765800000, 0x0000000765800000|100%| O|  |TAMS 0x0000000765600000, 0x0000000765600000| Untracked 
|  27|0x0000000765800000, 0x0000000765a00000, 0x0000000765a00000|100%|HS|  |TAMS 0x0000000765a00000, 0x0000000765800000| Complete 
|  28|0x0000000765a00000, 0x0000000765c00000, 0x0000000765c00000|100%| O|  |TAMS 0x0000000765c00000, 0x0000000765a00000| Untracked 
|  29|0x0000000765c00000, 0x0000000765e00000, 0x0000000765e00000|100%|HS|  |TAMS 0x0000000765e00000, 0x0000000765c00000| Complete 
|  30|0x0000000765e00000, 0x0000000766000000, 0x0000000766000000|100%| O|  |TAMS 0x0000000766000000, 0x0000000765e00000| Untracked 
|  31|0x0000000766000000, 0x0000000766200000, 0x0000000766200000|100%|HS|  |TAMS 0x0000000766200000, 0x0000000766000000| Complete 
|  32|0x0000000766200000, 0x0000000766400000, 0x0000000766400000|100%|HS|  |TAMS 0x0000000766400000, 0x0000000766200000| Complete 
|  33|0x0000000766400000, 0x0000000766400000, 0x0000000766600000|  0%| F|  |TAMS 0x0000000766400000, 0x0000000766400000| Untracked 
|  34|0x0000000766600000, 0x0000000766800000, 0x0000000766800000|100%| O|  |TAMS 0x0000000766800000, 0x0000000766600000| Untracked 
|  35|0x0000000766800000, 0x0000000766a00000, 0x0000000766a00000|100%|HS|  |TAMS 0x0000000766a00000, 0x0000000766800000| Complete 
|  36|0x0000000766a00000, 0x0000000766c00000, 0x0000000766c00000|100%|HS|  |TAMS 0x0000000766a00000, 0x0000000766a00000| Complete 
|  37|0x0000000766c00000, 0x0000000766e00000, 0x0000000766e00000|100%| O|  |TAMS 0x0000000766e00000, 0x0000000766c00000| Untracked 
|  38|0x0000000766e00000, 0x0000000767000000, 0x0000000767000000|100%|HS|  |TAMS 0x0000000766e00000, 0x0000000766e00000| Complete 
|  39|0x0000000767000000, 0x0000000767200000, 0x0000000767200000|100%|HS|  |TAMS 0x0000000767000000, 0x0000000767000000| Complete 
|  40|0x0000000767200000, 0x0000000767200000, 0x0000000767400000|  0%| F|  |TAMS 0x0000000767200000, 0x0000000767200000| Untracked 
|  41|0x0000000767400000, 0x0000000767600000, 0x0000000767600000|100%|HS|  |TAMS 0x0000000767400000, 0x0000000767400000| Complete 
|  42|0x0000000767600000, 0x0000000767600000, 0x0000000767800000|  0%| F|  |TAMS 0x0000000767600000, 0x0000000767600000| Untracked 
|  43|0x0000000767800000, 0x0000000767a00000, 0x0000000767a00000|100%| O|  |TAMS 0x0000000767a00000, 0x0000000767800000| Untracked 
|  44|0x0000000767a00000, 0x0000000767c00000, 0x0000000767c00000|100%|HS|  |TAMS 0x0000000767a00000, 0x0000000767a00000| Complete 
|  45|0x0000000767c00000, 0x0000000767e00000, 0x0000000767e00000|100%|HS|  |TAMS 0x0000000767c00000, 0x0000000767c00000| Complete 
|  46|0x0000000767e00000, 0x0000000768000000, 0x0000000768000000|100%|HS|  |TAMS 0x0000000767e00000, 0x0000000767e00000| Complete 
|  47|0x0000000768000000, 0x0000000768200000, 0x0000000768200000|100%|HS|  |TAMS 0x0000000768200000, 0x0000000768000000| Complete 
|  48|0x0000000768200000, 0x0000000768400000, 0x0000000768400000|100%| O|  |TAMS 0x0000000768400000, 0x0000000768200000| Untracked 
|  49|0x0000000768400000, 0x0000000768600000, 0x0000000768600000|100%|HS|  |TAMS 0x0000000768600000, 0x0000000768400000| Complete 
|  50|0x0000000768600000, 0x0000000768600000, 0x0000000768800000|  0%| F|  |TAMS 0x0000000768600000, 0x0000000768600000| Untracked 
|  51|0x0000000768800000, 0x0000000768a00000, 0x0000000768a00000|100%|HS|  |TAMS 0x0000000768a00000, 0x0000000768800000| Complete 
|  52|0x0000000768a00000, 0x0000000768c00000, 0x0000000768c00000|100%| O|  |TAMS 0x0000000768a00000, 0x0000000768a00000| Untracked 
|  53|0x0000000768c00000, 0x0000000768e00000, 0x0000000768e00000|100%| O|  |TAMS 0x0000000768e00000, 0x0000000768c00000| Untracked 
|  54|0x0000000768e00000, 0x0000000769000000, 0x0000000769000000|100%| O|  |TAMS 0x0000000769000000, 0x0000000768e00000| Untracked 
|  55|0x0000000769000000, 0x0000000769200000, 0x0000000769200000|100%|HS|  |TAMS 0x0000000769200000, 0x0000000769000000| Complete 
|  56|0x0000000769200000, 0x0000000769400000, 0x0000000769400000|100%| O|  |TAMS 0x0000000769200000, 0x0000000769200000| Untracked 
|  57|0x0000000769400000, 0x0000000769600000, 0x0000000769600000|100%| O|  |TAMS 0x0000000769600000, 0x0000000769400000| Untracked 
|  58|0x0000000769600000, 0x0000000769800000, 0x0000000769800000|100%|HS|  |TAMS 0x0000000769800000, 0x0000000769600000| Complete 
|  59|0x0000000769800000, 0x0000000769a00000, 0x0000000769a00000|100%| O|  |TAMS 0x0000000769a00000, 0x0000000769800000| Untracked 
|  60|0x0000000769a00000, 0x0000000769c00000, 0x0000000769c00000|100%|HS|  |TAMS 0x0000000769c00000, 0x0000000769a00000| Complete 
|  61|0x0000000769c00000, 0x0000000769e00000, 0x0000000769e00000|100%| O|  |TAMS 0x0000000769c00000, 0x0000000769c00000| Untracked 
|  62|0x0000000769e00000, 0x000000076a000000, 0x000000076a000000|100%|HS|  |TAMS 0x0000000769e00000, 0x0000000769e00000| Complete 
|  63|0x000000076a000000, 0x000000076a200000, 0x000000076a200000|100%| O|  |TAMS 0x000000076a000000, 0x000000076a000000| Untracked 
|  64|0x000000076a200000, 0x000000076a400000, 0x000000076a400000|100%| O|  |TAMS 0x000000076a400000, 0x000000076a200000| Untracked 
|  65|0x000000076a400000, 0x000000076a600000, 0x000000076a600000|100%| O|  |TAMS 0x000000076a400000, 0x000000076a400000| Untracked 
|  66|0x000000076a600000, 0x000000076a800000, 0x000000076a800000|100%|HS|  |TAMS 0x000000076a800000, 0x000000076a600000| Complete 
|  67|0x000000076a800000, 0x000000076aa00000, 0x000000076aa00000|100%| O|  |TAMS 0x000000076a800000, 0x000000076a800000| Untracked 
|  68|0x000000076aa00000, 0x000000076ac00000, 0x000000076ac00000|100%|HS|  |TAMS 0x000000076ac00000, 0x000000076aa00000| Complete 
|  69|0x000000076ac00000, 0x000000076ae00000, 0x000000076ae00000|100%| O|  |TAMS 0x000000076ac00000, 0x000000076ac00000| Untracked 
|  70|0x000000076ae00000, 0x000000076b000000, 0x000000076b000000|100%|HS|  |TAMS 0x000000076b000000, 0x000000076ae00000| Complete 
|  71|0x000000076b000000, 0x000000076b200000, 0x000000076b200000|100%| O|  |TAMS 0x000000076b000000, 0x000000076b000000| Untracked 
|  72|0x000000076b200000, 0x000000076b200000, 0x000000076b400000|  0%| F|  |TAMS 0x000000076b200000, 0x000000076b200000| Untracked 
|  73|0x000000076b400000, 0x000000076b600000, 0x000000076b600000|100%|HS|  |TAMS 0x000000076b400000, 0x000000076b400000| Complete 
|  74|0x000000076b600000, 0x000000076b800000, 0x000000076b800000|100%|HC|  |TAMS 0x000000076b600000, 0x000000076b600000| Complete 
|  75|0x000000076b800000, 0x000000076ba00000, 0x000000076ba00000|100%| O|  |TAMS 0x000000076ba00000, 0x000000076b800000| Untracked 
|  76|0x000000076ba00000, 0x000000076bc00000, 0x000000076bc00000|100%| O|  |TAMS 0x000000076bc00000, 0x000000076ba00000| Untracked 
|  77|0x000000076bc00000, 0x000000076be00000, 0x000000076be00000|100%| O|  |TAMS 0x000000076be00000, 0x000000076bc00000| Untracked 
|  78|0x000000076be00000, 0x000000076c000000, 0x000000076c000000|100%| O|  |TAMS 0x000000076c000000, 0x000000076be00000| Untracked 
|  79|0x000000076c000000, 0x000000076c200000, 0x000000076c200000|100%| O|  |TAMS 0x000000076c200000, 0x000000076c000000| Untracked 
|  80|0x000000076c200000, 0x000000076c400000, 0x000000076c400000|100%| O|  |TAMS 0x000000076c200000, 0x000000076c200000| Untracked 
|  81|0x000000076c400000, 0x000000076c600000, 0x000000076c600000|100%|HS|  |TAMS 0x000000076c600000, 0x000000076c400000| Complete 
|  82|0x000000076c600000, 0x000000076c800000, 0x000000076c800000|100%| O|  |TAMS 0x000000076c600000, 0x000000076c600000| Untracked 
|  83|0x000000076c800000, 0x000000076ca00000, 0x000000076ca00000|100%|HS|  |TAMS 0x000000076ca00000, 0x000000076c800000| Complete 
|  84|0x000000076ca00000, 0x000000076cc00000, 0x000000076cc00000|100%|HS|  |TAMS 0x000000076cc00000, 0x000000076ca00000| Complete 
|  85|0x000000076cc00000, 0x000000076ce00000, 0x000000076ce00000|100%|HS|  |TAMS 0x000000076ce00000, 0x000000076cc00000| Complete 
|  86|0x000000076ce00000, 0x000000076d000000, 0x000000076d000000|100%| O|  |TAMS 0x000000076ce00000, 0x000000076ce00000| Untracked 
|  87|0x000000076d000000, 0x000000076d200000, 0x000000076d200000|100%| O|  |TAMS 0x000000076d000000, 0x000000076d000000| Untracked 
|  88|0x000000076d200000, 0x000000076d400000, 0x000000076d400000|100%| O|  |TAMS 0x000000076d200000, 0x000000076d200000| Untracked 
|  89|0x000000076d400000, 0x000000076d600000, 0x000000076d600000|100%| O|  |TAMS 0x000000076d400000, 0x000000076d400000| Untracked 
|  90|0x000000076d600000, 0x000000076d800000, 0x000000076d800000|100%| O|  |TAMS 0x000000076d600000, 0x000000076d600000| Untracked 
|  91|0x000000076d800000, 0x000000076da00000, 0x000000076da00000|100%|HS|  |TAMS 0x000000076da00000, 0x000000076d800000| Complete 
|  92|0x000000076da00000, 0x000000076dc00000, 0x000000076dc00000|100%|HS|  |TAMS 0x000000076dc00000, 0x000000076da00000| Complete 
|  93|0x000000076dc00000, 0x000000076de00000, 0x000000076de00000|100%|HS|  |TAMS 0x000000076de00000, 0x000000076dc00000| Complete 
|  94|0x000000076de00000, 0x000000076e000000, 0x000000076e000000|100%|HS|  |TAMS 0x000000076e000000, 0x000000076de00000| Complete 
|  95|0x000000076e000000, 0x000000076e200000, 0x000000076e200000|100%|HS|  |TAMS 0x000000076e200000, 0x000000076e000000| Complete 
|  96|0x000000076e200000, 0x000000076e400000, 0x000000076e400000|100%| O|  |TAMS 0x000000076e200000, 0x000000076e200000| Untracked 
|  97|0x000000076e400000, 0x000000076e600000, 0x000000076e600000|100%| O|  |TAMS 0x000000076e400000, 0x000000076e400000| Untracked 
|  98|0x000000076e600000, 0x000000076e800000, 0x000000076e800000|100%| O|  |TAMS 0x000000076e600000, 0x000000076e600000| Untracked 
|  99|0x000000076e800000, 0x000000076ea00000, 0x000000076ea00000|100%| O|  |TAMS 0x000000076ea00000, 0x000000076e800000| Untracked 
| 100|0x000000076ea00000, 0x000000076ec00000, 0x000000076ec00000|100%| O|  |TAMS 0x000000076ec00000, 0x000000076ea00000| Untracked 
| 101|0x000000076ec00000, 0x000000076ee00000, 0x000000076ee00000|100%|HS|  |TAMS 0x000000076ee00000, 0x000000076ec00000| Complete 
| 102|0x000000076ee00000, 0x000000076f000000, 0x000000076f000000|100%| O|  |TAMS 0x000000076ee00000, 0x000000076ee00000| Untracked 
| 103|0x000000076f000000, 0x000000076f1fee00, 0x000000076f200000| 99%| O|  |TAMS 0x000000076f000000, 0x000000076f000000| Untracked 
| 104|0x000000076f200000, 0x000000076f400000, 0x000000076f400000|100%|HS|  |TAMS 0x000000076f200000, 0x000000076f200000| Complete 
| 105|0x000000076f400000, 0x000000076f600000, 0x000000076f600000|100%|HC|  |TAMS 0x000000076f400000, 0x000000076f400000| Complete 
| 106|0x000000076f600000, 0x000000076f800000, 0x000000076f800000|100%|HS|  |TAMS 0x000000076f800000, 0x000000076f600000| Complete 
| 107|0x000000076f800000, 0x000000076fa00000, 0x000000076fa00000|100%|HS|  |TAMS 0x000000076fa00000, 0x000000076f800000| Complete 
| 108|0x000000076fa00000, 0x000000076fc00000, 0x000000076fc00000|100%| O|  |TAMS 0x000000076fa00000, 0x000000076fa00000| Untracked 
| 109|0x000000076fc00000, 0x000000076fe00000, 0x000000076fe00000|100%|HS|  |TAMS 0x000000076fe00000, 0x000000076fc00000| Complete 
| 110|0x000000076fe00000, 0x0000000770000000, 0x0000000770000000|100%|HS|  |TAMS 0x0000000770000000, 0x000000076fe00000| Complete 
| 111|0x0000000770000000, 0x0000000770200000, 0x0000000770200000|100%|HS|  |TAMS 0x0000000770200000, 0x0000000770000000| Complete 
| 112|0x0000000770200000, 0x0000000770400000, 0x0000000770400000|100%| O|  |TAMS 0x0000000770400000, 0x0000000770200000| Untracked 
| 113|0x0000000770400000, 0x0000000770600000, 0x0000000770600000|100%|HS|  |TAMS 0x0000000770400000, 0x0000000770400000| Complete 
| 114|0x0000000770600000, 0x0000000770800000, 0x0000000770800000|100%| O|  |TAMS 0x0000000770800000, 0x0000000770600000| Untracked 
| 115|0x0000000770800000, 0x0000000770a00000, 0x0000000770a00000|100%| O|  |TAMS 0x0000000770a00000, 0x0000000770800000| Untracked 
| 116|0x0000000770a00000, 0x0000000770a00000, 0x0000000770c00000|  0%| F|  |TAMS 0x0000000770a00000, 0x0000000770a00000| Untracked 
| 117|0x0000000770c00000, 0x0000000770e00000, 0x0000000770e00000|100%| O|  |TAMS 0x0000000770e00000, 0x0000000770c00000| Untracked 
| 118|0x0000000770e00000, 0x0000000771000000, 0x0000000771000000|100%|HS|  |TAMS 0x0000000770e00000, 0x0000000770e00000| Complete 
| 119|0x0000000771000000, 0x0000000771200000, 0x0000000771200000|100%| O|  |TAMS 0x0000000771200000, 0x0000000771000000| Untracked 
| 120|0x0000000771200000, 0x0000000771200000, 0x0000000771400000|  0%| F|  |TAMS 0x0000000771200000, 0x0000000771200000| Untracked 
| 121|0x0000000771400000, 0x0000000771400000, 0x0000000771600000|  0%| F|  |TAMS 0x0000000771400000, 0x0000000771400000| Untracked 
| 122|0x0000000771600000, 0x0000000771600000, 0x0000000771800000|  0%| F|  |TAMS 0x0000000771600000, 0x0000000771600000| Untracked 
| 123|0x0000000771800000, 0x0000000771800000, 0x0000000771a00000|  0%| F|  |TAMS 0x0000000771800000, 0x0000000771800000| Untracked 
| 124|0x0000000771a00000, 0x0000000771a00000, 0x0000000771c00000|  0%| F|  |TAMS 0x0000000771a00000, 0x0000000771a00000| Untracked 
| 125|0x0000000771c00000, 0x0000000771c00000, 0x0000000771e00000|  0%| F|  |TAMS 0x0000000771c00000, 0x0000000771c00000| Untracked 
| 126|0x0000000771e00000, 0x0000000771e00000, 0x0000000772000000|  0%| F|  |TAMS 0x0000000771e00000, 0x0000000771e00000| Untracked 
| 127|0x0000000772000000, 0x0000000772000000, 0x0000000772200000|  0%| F|  |TAMS 0x0000000772000000, 0x0000000772000000| Untracked 
| 128|0x0000000772200000, 0x0000000772200000, 0x0000000772400000|  0%| F|  |TAMS 0x0000000772200000, 0x0000000772200000| Untracked 
| 129|0x0000000772400000, 0x0000000772400000, 0x0000000772600000|  0%| F|  |TAMS 0x0000000772400000, 0x0000000772400000| Untracked 
| 130|0x0000000772600000, 0x0000000772600000, 0x0000000772800000|  0%| F|  |TAMS 0x0000000772600000, 0x0000000772600000| Untracked 
| 131|0x0000000772800000, 0x0000000772800000, 0x0000000772a00000|  0%| F|  |TAMS 0x0000000772800000, 0x0000000772800000| Untracked 
| 132|0x0000000772a00000, 0x0000000772c00000, 0x0000000772c00000|100%| O|  |TAMS 0x0000000772c00000, 0x0000000772a00000| Untracked 
| 133|0x0000000772c00000, 0x0000000772c00000, 0x0000000772e00000|  0%| F|  |TAMS 0x0000000772c00000, 0x0000000772c00000| Untracked 
| 134|0x0000000772e00000, 0x0000000772e00000, 0x0000000773000000|  0%| F|  |TAMS 0x0000000772e00000, 0x0000000772e00000| Untracked 
| 135|0x0000000773000000, 0x0000000773200000, 0x0000000773200000|100%| O|  |TAMS 0x0000000773000000, 0x0000000773000000| Untracked 
| 136|0x0000000773200000, 0x0000000773400000, 0x0000000773400000|100%|HS|  |TAMS 0x0000000773400000, 0x0000000773200000| Complete 
| 137|0x0000000773400000, 0x0000000773400000, 0x0000000773600000|  0%| F|  |TAMS 0x0000000773400000, 0x0000000773400000| Untracked 
| 138|0x0000000773600000, 0x0000000773800000, 0x0000000773800000|100%| O|  |TAMS 0x0000000773800000, 0x0000000773600000| Untracked 
| 139|0x0000000773800000, 0x0000000773800000, 0x0000000773a00000|  0%| F|  |TAMS 0x0000000773800000, 0x0000000773800000| Untracked 
| 140|0x0000000773a00000, 0x0000000773a00000, 0x0000000773c00000|  0%| F|  |TAMS 0x0000000773a00000, 0x0000000773a00000| Untracked 
| 141|0x0000000773c00000, 0x0000000773c00000, 0x0000000773e00000|  0%| F|  |TAMS 0x0000000773c00000, 0x0000000773c00000| Untracked 
| 142|0x0000000773e00000, 0x0000000773e00000, 0x0000000774000000|  0%| F|  |TAMS 0x0000000773e00000, 0x0000000773e00000| Untracked 
| 143|0x0000000774000000, 0x0000000774200000, 0x0000000774200000|100%| O|  |TAMS 0x0000000774200000, 0x0000000774000000| Untracked 
| 144|0x0000000774200000, 0x0000000774400000, 0x0000000774400000|100%| O|  |TAMS 0x0000000774400000, 0x0000000774200000| Untracked 
| 145|0x0000000774400000, 0x0000000774600000, 0x0000000774600000|100%| O|  |TAMS 0x0000000774600000, 0x0000000774400000| Untracked 
| 146|0x0000000774600000, 0x0000000774800000, 0x0000000774800000|100%| O|  |TAMS 0x0000000774800000, 0x0000000774600000| Untracked 
| 147|0x0000000774800000, 0x0000000774a00000, 0x0000000774a00000|100%| O|  |TAMS 0x0000000774a00000, 0x0000000774800000| Untracked 
| 148|0x0000000774a00000, 0x0000000774c00000, 0x0000000774c00000|100%| O|  |TAMS 0x0000000774c00000, 0x0000000774a00000| Untracked 
| 149|0x0000000774c00000, 0x0000000774e00000, 0x0000000774e00000|100%| O|  |TAMS 0x0000000774e00000, 0x0000000774c00000| Untracked 
| 150|0x0000000774e00000, 0x0000000775000000, 0x0000000775000000|100%| O|  |TAMS 0x0000000774efee00, 0x0000000774e00000| Untracked 
| 151|0x0000000775000000, 0x0000000775200000, 0x0000000775200000|100%| O|  |TAMS 0x0000000775000000, 0x0000000775000000| Untracked 
| 152|0x0000000775200000, 0x0000000775400000, 0x0000000775400000|100%| O|  |TAMS 0x0000000775200000, 0x0000000775200000| Untracked 
| 153|0x0000000775400000, 0x0000000775600000, 0x0000000775600000|100%| O|  |TAMS 0x0000000775400000, 0x0000000775400000| Untracked 
| 154|0x0000000775600000, 0x0000000775800000, 0x0000000775800000|100%| O|  |TAMS 0x0000000775600000, 0x0000000775600000| Untracked 
| 155|0x0000000775800000, 0x0000000775a00000, 0x0000000775a00000|100%| O|  |TAMS 0x0000000775800000, 0x0000000775800000| Untracked 
| 156|0x0000000775a00000, 0x0000000775c00000, 0x0000000775c00000|100%| O|  |TAMS 0x0000000775a00000, 0x0000000775a00000| Untracked 
| 157|0x0000000775c00000, 0x0000000775e00000, 0x0000000775e00000|100%| O|  |TAMS 0x0000000775c00000, 0x0000000775c00000| Untracked 
| 158|0x0000000775e00000, 0x0000000776000000, 0x0000000776000000|100%| O|  |TAMS 0x0000000775e00000, 0x0000000775e00000| Untracked 
| 159|0x0000000776000000, 0x0000000776200000, 0x0000000776200000|100%| O|  |TAMS 0x0000000776000000, 0x0000000776000000| Untracked 
| 160|0x0000000776200000, 0x0000000776400000, 0x0000000776400000|100%| O|  |TAMS 0x0000000776200000, 0x0000000776200000| Untracked 
| 161|0x0000000776400000, 0x0000000776600000, 0x0000000776600000|100%|HS|  |TAMS 0x0000000776400000, 0x0000000776400000| Complete 
| 162|0x0000000776600000, 0x0000000776800000, 0x0000000776800000|100%|HC|  |TAMS 0x0000000776600000, 0x0000000776600000| Complete 
| 163|0x0000000776800000, 0x0000000776800000, 0x0000000776a00000|  0%| F|  |TAMS 0x0000000776800000, 0x0000000776800000| Untracked 
| 164|0x0000000776a00000, 0x0000000776a00000, 0x0000000776c00000|  0%| F|  |TAMS 0x0000000776a00000, 0x0000000776a00000| Untracked 
| 165|0x0000000776c00000, 0x0000000776c00000, 0x0000000776e00000|  0%| F|  |TAMS 0x0000000776c00000, 0x0000000776c00000| Untracked 
| 166|0x0000000776e00000, 0x0000000776e00000, 0x0000000777000000|  0%| F|  |TAMS 0x0000000776e00000, 0x0000000776e00000| Untracked 
| 167|0x0000000777000000, 0x0000000777000000, 0x0000000777200000|  0%| F|  |TAMS 0x0000000777000000, 0x0000000777000000| Untracked 
| 168|0x0000000777200000, 0x0000000777200000, 0x0000000777400000|  0%| F|  |TAMS 0x0000000777200000, 0x0000000777200000| Untracked 
| 169|0x0000000777400000, 0x0000000777400000, 0x0000000777600000|  0%| F|  |TAMS 0x0000000777400000, 0x0000000777400000| Untracked 
| 170|0x0000000777600000, 0x0000000777600000, 0x0000000777800000|  0%| F|  |TAMS 0x0000000777600000, 0x0000000777600000| Untracked 
| 171|0x0000000777800000, 0x0000000777800000, 0x0000000777a00000|  0%| F|  |TAMS 0x0000000777800000, 0x0000000777800000| Untracked 
| 172|0x0000000777a00000, 0x0000000777a00000, 0x0000000777c00000|  0%| F|  |TAMS 0x0000000777a00000, 0x0000000777a00000| Untracked 
| 173|0x0000000777c00000, 0x0000000777c00000, 0x0000000777e00000|  0%| F|  |TAMS 0x0000000777c00000, 0x0000000777c00000| Untracked 
| 174|0x0000000777e00000, 0x0000000777e00000, 0x0000000778000000|  0%| F|  |TAMS 0x0000000777e00000, 0x0000000777e00000| Untracked 
| 175|0x0000000778000000, 0x0000000778000000, 0x0000000778200000|  0%| F|  |TAMS 0x0000000778000000, 0x0000000778000000| Untracked 
| 176|0x0000000778200000, 0x0000000778200000, 0x0000000778400000|  0%| F|  |TAMS 0x0000000778200000, 0x0000000778200000| Untracked 
| 177|0x0000000778400000, 0x0000000778400000, 0x0000000778600000|  0%| F|  |TAMS 0x0000000778400000, 0x0000000778400000| Untracked 
| 178|0x0000000778600000, 0x0000000778600000, 0x0000000778800000|  0%| F|  |TAMS 0x0000000778600000, 0x0000000778600000| Untracked 
| 179|0x0000000778800000, 0x0000000778800000, 0x0000000778a00000|  0%| F|  |TAMS 0x0000000778800000, 0x0000000778800000| Untracked 
| 180|0x0000000778a00000, 0x0000000778a00000, 0x0000000778c00000|  0%| F|  |TAMS 0x0000000778a00000, 0x0000000778a00000| Untracked 
| 181|0x0000000778c00000, 0x0000000778c00000, 0x0000000778e00000|  0%| F|  |TAMS 0x0000000778c00000, 0x0000000778c00000| Untracked 
| 182|0x0000000778e00000, 0x0000000778e00000, 0x0000000779000000|  0%| F|  |TAMS 0x0000000778e00000, 0x0000000778e00000| Untracked 
| 183|0x0000000779000000, 0x0000000779000000, 0x0000000779200000|  0%| F|  |TAMS 0x0000000779000000, 0x0000000779000000| Untracked 
| 184|0x0000000779200000, 0x0000000779200000, 0x0000000779400000|  0%| F|  |TAMS 0x0000000779200000, 0x0000000779200000| Untracked 
| 185|0x0000000779400000, 0x0000000779400000, 0x0000000779600000|  0%| F|  |TAMS 0x0000000779400000, 0x0000000779400000| Untracked 
| 186|0x0000000779600000, 0x0000000779600000, 0x0000000779800000|  0%| F|  |TAMS 0x0000000779600000, 0x0000000779600000| Untracked 
| 187|0x0000000779800000, 0x0000000779800000, 0x0000000779a00000|  0%| F|  |TAMS 0x0000000779800000, 0x0000000779800000| Untracked 
| 188|0x0000000779a00000, 0x0000000779a00000, 0x0000000779c00000|  0%| F|  |TAMS 0x0000000779a00000, 0x0000000779a00000| Untracked 
| 189|0x0000000779c00000, 0x0000000779c00000, 0x0000000779e00000|  0%| F|  |TAMS 0x0000000779c00000, 0x0000000779c00000| Untracked 
| 190|0x0000000779e00000, 0x0000000779e00000, 0x000000077a000000|  0%| F|  |TAMS 0x0000000779e00000, 0x0000000779e00000| Untracked 
| 191|0x000000077a000000, 0x000000077a000000, 0x000000077a200000|  0%| F|  |TAMS 0x000000077a000000, 0x000000077a000000| Untracked 
| 192|0x000000077a200000, 0x000000077a200000, 0x000000077a400000|  0%| F|  |TAMS 0x000000077a200000, 0x000000077a200000| Untracked 
| 193|0x000000077a400000, 0x000000077a400000, 0x000000077a600000|  0%| F|  |TAMS 0x000000077a400000, 0x000000077a400000| Untracked 
| 194|0x000000077a600000, 0x000000077a600000, 0x000000077a800000|  0%| F|  |TAMS 0x000000077a600000, 0x000000077a600000| Untracked 
| 195|0x000000077a800000, 0x000000077a928ca0, 0x000000077aa00000| 57%| S|CS|TAMS 0x000000077a800000, 0x000000077a800000| Complete 
| 196|0x000000077aa00000, 0x000000077ac00000, 0x000000077ac00000|100%| S|CS|TAMS 0x000000077aa00000, 0x000000077aa00000| Complete 
| 197|0x000000077ac00000, 0x000000077ae00000, 0x000000077ae00000|100%| S|CS|TAMS 0x000000077ac00000, 0x000000077ac00000| Complete 
| 198|0x000000077ae00000, 0x000000077b000000, 0x000000077b000000|100%| S|CS|TAMS 0x000000077ae00000, 0x000000077ae00000| Complete 
| 199|0x000000077b000000, 0x000000077b200000, 0x000000077b200000|100%| S|CS|TAMS 0x000000077b000000, 0x000000077b000000| Complete 
| 200|0x000000077b200000, 0x000000077b400000, 0x000000077b400000|100%| S|CS|TAMS 0x000000077b200000, 0x000000077b200000| Complete 
| 201|0x000000077b400000, 0x000000077b600000, 0x000000077b600000|100%| S|CS|TAMS 0x000000077b400000, 0x000000077b400000| Complete 
| 202|0x000000077b600000, 0x000000077b800000, 0x000000077b800000|100%| S|CS|TAMS 0x000000077b600000, 0x000000077b600000| Complete 
| 203|0x000000077b800000, 0x000000077ba00000, 0x000000077ba00000|100%| S|CS|TAMS 0x000000077b800000, 0x000000077b800000| Complete 
| 204|0x000000077ba00000, 0x000000077bc00000, 0x000000077bc00000|100%| S|CS|TAMS 0x000000077ba00000, 0x000000077ba00000| Complete 
| 205|0x000000077bc00000, 0x000000077be00000, 0x000000077be00000|100%| S|CS|TAMS 0x000000077bc00000, 0x000000077bc00000| Complete 
| 206|0x000000077be00000, 0x000000077c000000, 0x000000077c000000|100%| S|CS|TAMS 0x000000077be00000, 0x000000077be00000| Complete 
| 207|0x000000077c000000, 0x000000077c000000, 0x000000077c200000|  0%| F|  |TAMS 0x000000077c000000, 0x000000077c000000| Untracked 
| 208|0x000000077c200000, 0x000000077c200000, 0x000000077c400000|  0%| F|  |TAMS 0x000000077c200000, 0x000000077c200000| Untracked 
| 209|0x000000077c400000, 0x000000077c400000, 0x000000077c600000|  0%| F|  |TAMS 0x000000077c400000, 0x000000077c400000| Untracked 
| 210|0x000000077c600000, 0x000000077c600000, 0x000000077c800000|  0%| F|  |TAMS 0x000000077c600000, 0x000000077c600000| Untracked 
| 211|0x000000077c800000, 0x000000077c800000, 0x000000077ca00000|  0%| F|  |TAMS 0x000000077c800000, 0x000000077c800000| Untracked 
| 212|0x000000077ca00000, 0x000000077ca00000, 0x000000077cc00000|  0%| F|  |TAMS 0x000000077ca00000, 0x000000077ca00000| Untracked 
| 213|0x000000077cc00000, 0x000000077cc00000, 0x000000077ce00000|  0%| F|  |TAMS 0x000000077cc00000, 0x000000077cc00000| Untracked 
| 214|0x000000077ce00000, 0x000000077ce00000, 0x000000077d000000|  0%| F|  |TAMS 0x000000077ce00000, 0x000000077ce00000| Untracked 
| 215|0x000000077d000000, 0x000000077d000000, 0x000000077d200000|  0%| F|  |TAMS 0x000000077d000000, 0x000000077d000000| Untracked 
| 216|0x000000077d200000, 0x000000077d200000, 0x000000077d400000|  0%| F|  |TAMS 0x000000077d200000, 0x000000077d200000| Untracked 
| 217|0x000000077d400000, 0x000000077d400000, 0x000000077d600000|  0%| F|  |TAMS 0x000000077d400000, 0x000000077d400000| Untracked 
| 218|0x000000077d600000, 0x000000077d600000, 0x000000077d800000|  0%| F|  |TAMS 0x000000077d600000, 0x000000077d600000| Untracked 
| 219|0x000000077d800000, 0x000000077d800000, 0x000000077da00000|  0%| F|  |TAMS 0x000000077d800000, 0x000000077d800000| Untracked 
| 220|0x000000077da00000, 0x000000077da00000, 0x000000077dc00000|  0%| F|  |TAMS 0x000000077da00000, 0x000000077da00000| Untracked 
| 221|0x000000077dc00000, 0x000000077dc00000, 0x000000077de00000|  0%| F|  |TAMS 0x000000077dc00000, 0x000000077dc00000| Untracked 
| 222|0x000000077de00000, 0x000000077de00000, 0x000000077e000000|  0%| F|  |TAMS 0x000000077de00000, 0x000000077de00000| Untracked 
| 223|0x000000077e000000, 0x000000077e000000, 0x000000077e200000|  0%| F|  |TAMS 0x000000077e000000, 0x000000077e000000| Untracked 
| 224|0x000000077e200000, 0x000000077e200000, 0x000000077e400000|  0%| F|  |TAMS 0x000000077e200000, 0x000000077e200000| Untracked 
| 225|0x000000077e400000, 0x000000077e400000, 0x000000077e600000|  0%| F|  |TAMS 0x000000077e400000, 0x000000077e400000| Untracked 
| 226|0x000000077e600000, 0x000000077e600000, 0x000000077e800000|  0%| F|  |TAMS 0x000000077e600000, 0x000000077e600000| Untracked 
| 227|0x000000077e800000, 0x000000077e800000, 0x000000077ea00000|  0%| F|  |TAMS 0x000000077e800000, 0x000000077e800000| Untracked 
| 228|0x000000077ea00000, 0x000000077ea00000, 0x000000077ec00000|  0%| F|  |TAMS 0x000000077ea00000, 0x000000077ea00000| Untracked 
| 229|0x000000077ec00000, 0x000000077ec00000, 0x000000077ee00000|  0%| F|  |TAMS 0x000000077ec00000, 0x000000077ec00000| Untracked 
| 230|0x000000077ee00000, 0x000000077ee00000, 0x000000077f000000|  0%| F|  |TAMS 0x000000077ee00000, 0x000000077ee00000| Untracked 
| 231|0x000000077f000000, 0x000000077f000000, 0x000000077f200000|  0%| F|  |TAMS 0x000000077f000000, 0x000000077f000000| Untracked 
| 232|0x000000077f200000, 0x000000077f200000, 0x000000077f400000|  0%| F|  |TAMS 0x000000077f200000, 0x000000077f200000| Untracked 
| 233|0x000000077f400000, 0x000000077f400000, 0x000000077f600000|  0%| F|  |TAMS 0x000000077f400000, 0x000000077f400000| Untracked 
| 234|0x000000077f600000, 0x000000077f600000, 0x000000077f800000|  0%| F|  |TAMS 0x000000077f600000, 0x000000077f600000| Untracked 
| 235|0x000000077f800000, 0x000000077f800000, 0x000000077fa00000|  0%| F|  |TAMS 0x000000077f800000, 0x000000077f800000| Untracked 
| 236|0x000000077fa00000, 0x000000077fa00000, 0x000000077fc00000|  0%| F|  |TAMS 0x000000077fa00000, 0x000000077fa00000| Untracked 
| 237|0x000000077fc00000, 0x000000077fc00000, 0x000000077fe00000|  0%| F|  |TAMS 0x000000077fc00000, 0x000000077fc00000| Untracked 
| 238|0x000000077fe00000, 0x000000077fe00000, 0x0000000780000000|  0%| F|  |TAMS 0x000000077fe00000, 0x000000077fe00000| Untracked 
| 239|0x0000000780000000, 0x0000000780000000, 0x0000000780200000|  0%| F|  |TAMS 0x0000000780000000, 0x0000000780000000| Untracked 
| 240|0x0000000780200000, 0x0000000780200000, 0x0000000780400000|  0%| F|  |TAMS 0x0000000780200000, 0x0000000780200000| Untracked 
| 241|0x0000000780400000, 0x0000000780400000, 0x0000000780600000|  0%| F|  |TAMS 0x0000000780400000, 0x0000000780400000| Untracked 
| 242|0x0000000780600000, 0x0000000780600000, 0x0000000780800000|  0%| F|  |TAMS 0x0000000780600000, 0x0000000780600000| Untracked 
| 243|0x0000000780800000, 0x0000000780800000, 0x0000000780a00000|  0%| F|  |TAMS 0x0000000780800000, 0x0000000780800000| Untracked 
| 244|0x0000000780a00000, 0x0000000780a00000, 0x0000000780c00000|  0%| F|  |TAMS 0x0000000780a00000, 0x0000000780a00000| Untracked 
| 245|0x0000000780c00000, 0x0000000780c00000, 0x0000000780e00000|  0%| F|  |TAMS 0x0000000780c00000, 0x0000000780c00000| Untracked 
| 246|0x0000000780e00000, 0x0000000780e00000, 0x0000000781000000|  0%| F|  |TAMS 0x0000000780e00000, 0x0000000780e00000| Untracked 
| 247|0x0000000781000000, 0x0000000781000000, 0x0000000781200000|  0%| F|  |TAMS 0x0000000781000000, 0x0000000781000000| Untracked 
| 248|0x0000000781200000, 0x0000000781200000, 0x0000000781400000|  0%| F|  |TAMS 0x0000000781200000, 0x0000000781200000| Untracked 
| 249|0x0000000781400000, 0x0000000781400000, 0x0000000781600000|  0%| F|  |TAMS 0x0000000781400000, 0x0000000781400000| Untracked 
| 250|0x0000000781600000, 0x0000000781600000, 0x0000000781800000|  0%| F|  |TAMS 0x0000000781600000, 0x0000000781600000| Untracked 
| 251|0x0000000781800000, 0x0000000781800000, 0x0000000781a00000|  0%| F|  |TAMS 0x0000000781800000, 0x0000000781800000| Untracked 
| 252|0x0000000781a00000, 0x0000000781a00000, 0x0000000781c00000|  0%| F|  |TAMS 0x0000000781a00000, 0x0000000781a00000| Untracked 
| 253|0x0000000781c00000, 0x0000000781c00000, 0x0000000781e00000|  0%| F|  |TAMS 0x0000000781c00000, 0x0000000781c00000| Untracked 
| 254|0x0000000781e00000, 0x0000000781e00000, 0x0000000782000000|  0%| F|  |TAMS 0x0000000781e00000, 0x0000000781e00000| Untracked 
| 255|0x0000000782000000, 0x0000000782000000, 0x0000000782200000|  0%| F|  |TAMS 0x0000000782000000, 0x0000000782000000| Untracked 
| 256|0x0000000782200000, 0x0000000782200000, 0x0000000782400000|  0%| F|  |TAMS 0x0000000782200000, 0x0000000782200000| Untracked 
| 257|0x0000000782400000, 0x0000000782400000, 0x0000000782600000|  0%| F|  |TAMS 0x0000000782400000, 0x0000000782400000| Untracked 
| 258|0x0000000782600000, 0x0000000782600000, 0x0000000782800000|  0%| F|  |TAMS 0x0000000782600000, 0x0000000782600000| Untracked 
| 259|0x0000000782800000, 0x0000000782800000, 0x0000000782a00000|  0%| F|  |TAMS 0x0000000782800000, 0x0000000782800000| Untracked 
| 260|0x0000000782a00000, 0x0000000782a00000, 0x0000000782c00000|  0%| F|  |TAMS 0x0000000782a00000, 0x0000000782a00000| Untracked 
| 261|0x0000000782c00000, 0x0000000782c00000, 0x0000000782e00000|  0%| F|  |TAMS 0x0000000782c00000, 0x0000000782c00000| Untracked 
| 262|0x0000000782e00000, 0x0000000782e00000, 0x0000000783000000|  0%| F|  |TAMS 0x0000000782e00000, 0x0000000782e00000| Untracked 
| 263|0x0000000783000000, 0x0000000783000000, 0x0000000783200000|  0%| F|  |TAMS 0x0000000783000000, 0x0000000783000000| Untracked 
| 264|0x0000000783200000, 0x0000000783200000, 0x0000000783400000|  0%| F|  |TAMS 0x0000000783200000, 0x0000000783200000| Untracked 
| 265|0x0000000783400000, 0x0000000783400000, 0x0000000783600000|  0%| F|  |TAMS 0x0000000783400000, 0x0000000783400000| Untracked 
| 266|0x0000000783600000, 0x0000000783600000, 0x0000000783800000|  0%| F|  |TAMS 0x0000000783600000, 0x0000000783600000| Untracked 
| 267|0x0000000783800000, 0x0000000783800000, 0x0000000783a00000|  0%| F|  |TAMS 0x0000000783800000, 0x0000000783800000| Untracked 
| 268|0x0000000783a00000, 0x0000000783a00000, 0x0000000783c00000|  0%| F|  |TAMS 0x0000000783a00000, 0x0000000783a00000| Untracked 
| 269|0x0000000783c00000, 0x0000000783c00000, 0x0000000783e00000|  0%| F|  |TAMS 0x0000000783c00000, 0x0000000783c00000| Untracked 
| 270|0x0000000783e00000, 0x0000000783e00000, 0x0000000784000000|  0%| F|  |TAMS 0x0000000783e00000, 0x0000000783e00000| Untracked 
| 271|0x0000000784000000, 0x0000000784000000, 0x0000000784200000|  0%| F|  |TAMS 0x0000000784000000, 0x0000000784000000| Untracked 
| 272|0x0000000784200000, 0x0000000784200000, 0x0000000784400000|  0%| F|  |TAMS 0x0000000784200000, 0x0000000784200000| Untracked 
| 273|0x0000000784400000, 0x0000000784400000, 0x0000000784600000|  0%| F|  |TAMS 0x0000000784400000, 0x0000000784400000| Untracked 
| 274|0x0000000784600000, 0x0000000784600000, 0x0000000784800000|  0%| F|  |TAMS 0x0000000784600000, 0x0000000784600000| Untracked 
| 275|0x0000000784800000, 0x0000000784800000, 0x0000000784a00000|  0%| F|  |TAMS 0x0000000784800000, 0x0000000784800000| Untracked 
| 276|0x0000000784a00000, 0x0000000784a00000, 0x0000000784c00000|  0%| F|  |TAMS 0x0000000784a00000, 0x0000000784a00000| Untracked 
| 277|0x0000000784c00000, 0x0000000784c00000, 0x0000000784e00000|  0%| F|  |TAMS 0x0000000784c00000, 0x0000000784c00000| Untracked 
| 278|0x0000000784e00000, 0x0000000784e00000, 0x0000000785000000|  0%| F|  |TAMS 0x0000000784e00000, 0x0000000784e00000| Untracked 
| 279|0x0000000785000000, 0x0000000785000000, 0x0000000785200000|  0%| F|  |TAMS 0x0000000785000000, 0x0000000785000000| Untracked 
| 280|0x0000000785200000, 0x0000000785200000, 0x0000000785400000|  0%| F|  |TAMS 0x0000000785200000, 0x0000000785200000| Untracked 
| 281|0x0000000785400000, 0x0000000785400000, 0x0000000785600000|  0%| F|  |TAMS 0x0000000785400000, 0x0000000785400000| Untracked 
| 282|0x0000000785600000, 0x0000000785600000, 0x0000000785800000|  0%| F|  |TAMS 0x0000000785600000, 0x0000000785600000| Untracked 
| 283|0x0000000785800000, 0x0000000785800000, 0x0000000785a00000|  0%| F|  |TAMS 0x0000000785800000, 0x0000000785800000| Untracked 
| 284|0x0000000785a00000, 0x0000000785a00000, 0x0000000785c00000|  0%| F|  |TAMS 0x0000000785a00000, 0x0000000785a00000| Untracked 
| 285|0x0000000785c00000, 0x0000000785c00000, 0x0000000785e00000|  0%| F|  |TAMS 0x0000000785c00000, 0x0000000785c00000| Untracked 
| 286|0x0000000785e00000, 0x0000000785e00000, 0x0000000786000000|  0%| F|  |TAMS 0x0000000785e00000, 0x0000000785e00000| Untracked 
| 287|0x0000000786000000, 0x0000000786000000, 0x0000000786200000|  0%| F|  |TAMS 0x0000000786000000, 0x0000000786000000| Untracked 
| 288|0x0000000786200000, 0x0000000786200000, 0x0000000786400000|  0%| F|  |TAMS 0x0000000786200000, 0x0000000786200000| Untracked 
| 289|0x0000000786400000, 0x0000000786400000, 0x0000000786600000|  0%| F|  |TAMS 0x0000000786400000, 0x0000000786400000| Untracked 
| 290|0x0000000786600000, 0x0000000786600000, 0x0000000786800000|  0%| F|  |TAMS 0x0000000786600000, 0x0000000786600000| Untracked 
| 291|0x0000000786800000, 0x0000000786800000, 0x0000000786a00000|  0%| F|  |TAMS 0x0000000786800000, 0x0000000786800000| Untracked 
| 292|0x0000000786a00000, 0x0000000786a00000, 0x0000000786c00000|  0%| F|  |TAMS 0x0000000786a00000, 0x0000000786a00000| Untracked 
| 293|0x0000000786c00000, 0x0000000786c00000, 0x0000000786e00000|  0%| F|  |TAMS 0x0000000786c00000, 0x0000000786c00000| Untracked 
| 294|0x0000000786e00000, 0x0000000786e00000, 0x0000000787000000|  0%| F|  |TAMS 0x0000000786e00000, 0x0000000786e00000| Untracked 
| 295|0x0000000787000000, 0x0000000787000000, 0x0000000787200000|  0%| F|  |TAMS 0x0000000787000000, 0x0000000787000000| Untracked 
| 296|0x0000000787200000, 0x0000000787200000, 0x0000000787400000|  0%| F|  |TAMS 0x0000000787200000, 0x0000000787200000| Untracked 
| 297|0x0000000787400000, 0x0000000787400000, 0x0000000787600000|  0%| F|  |TAMS 0x0000000787400000, 0x0000000787400000| Untracked 
| 298|0x0000000787600000, 0x0000000787600000, 0x0000000787800000|  0%| F|  |TAMS 0x0000000787600000, 0x0000000787600000| Untracked 
| 299|0x0000000787800000, 0x0000000787800000, 0x0000000787a00000|  0%| F|  |TAMS 0x0000000787800000, 0x0000000787800000| Untracked 
| 300|0x0000000787a00000, 0x0000000787a00000, 0x0000000787c00000|  0%| F|  |TAMS 0x0000000787a00000, 0x0000000787a00000| Untracked 
| 301|0x0000000787c00000, 0x0000000787c00000, 0x0000000787e00000|  0%| F|  |TAMS 0x0000000787c00000, 0x0000000787c00000| Untracked 
| 302|0x0000000787e00000, 0x0000000787e00000, 0x0000000788000000|  0%| F|  |TAMS 0x0000000787e00000, 0x0000000787e00000| Untracked 
| 303|0x0000000788000000, 0x0000000788000000, 0x0000000788200000|  0%| F|  |TAMS 0x0000000788000000, 0x0000000788000000| Untracked 
| 304|0x0000000788200000, 0x0000000788200000, 0x0000000788400000|  0%| F|  |TAMS 0x0000000788200000, 0x0000000788200000| Untracked 
| 305|0x0000000788400000, 0x0000000788400000, 0x0000000788600000|  0%| F|  |TAMS 0x0000000788400000, 0x0000000788400000| Untracked 
| 306|0x0000000788600000, 0x0000000788600000, 0x0000000788800000|  0%| F|  |TAMS 0x0000000788600000, 0x0000000788600000| Untracked 
| 307|0x0000000788800000, 0x0000000788800000, 0x0000000788a00000|  0%| F|  |TAMS 0x0000000788800000, 0x0000000788800000| Untracked 
| 308|0x0000000788a00000, 0x0000000788a00000, 0x0000000788c00000|  0%| F|  |TAMS 0x0000000788a00000, 0x0000000788a00000| Untracked 
| 309|0x0000000788c00000, 0x0000000788c00000, 0x0000000788e00000|  0%| F|  |TAMS 0x0000000788c00000, 0x0000000788c00000| Untracked 
| 310|0x0000000788e00000, 0x0000000788e00000, 0x0000000789000000|  0%| F|  |TAMS 0x0000000788e00000, 0x0000000788e00000| Untracked 
| 311|0x0000000789000000, 0x0000000789000000, 0x0000000789200000|  0%| F|  |TAMS 0x0000000789000000, 0x0000000789000000| Untracked 
| 312|0x0000000789200000, 0x0000000789200000, 0x0000000789400000|  0%| F|  |TAMS 0x0000000789200000, 0x0000000789200000| Untracked 
| 313|0x0000000789400000, 0x0000000789400000, 0x0000000789600000|  0%| F|  |TAMS 0x0000000789400000, 0x0000000789400000| Untracked 
| 314|0x0000000789600000, 0x0000000789600000, 0x0000000789800000|  0%| F|  |TAMS 0x0000000789600000, 0x0000000789600000| Untracked 
| 315|0x0000000789800000, 0x0000000789800000, 0x0000000789a00000|  0%| F|  |TAMS 0x0000000789800000, 0x0000000789800000| Untracked 
| 316|0x0000000789a00000, 0x0000000789a00000, 0x0000000789c00000|  0%| F|  |TAMS 0x0000000789a00000, 0x0000000789a00000| Untracked 
| 317|0x0000000789c00000, 0x0000000789c00000, 0x0000000789e00000|  0%| F|  |TAMS 0x0000000789c00000, 0x0000000789c00000| Untracked 
| 318|0x0000000789e00000, 0x0000000789e00000, 0x000000078a000000|  0%| F|  |TAMS 0x0000000789e00000, 0x0000000789e00000| Untracked 
| 319|0x000000078a000000, 0x000000078a000000, 0x000000078a200000|  0%| F|  |TAMS 0x000000078a000000, 0x000000078a000000| Untracked 
| 320|0x000000078a200000, 0x000000078a200000, 0x000000078a400000|  0%| F|  |TAMS 0x000000078a200000, 0x000000078a200000| Untracked 
| 321|0x000000078a400000, 0x000000078a400000, 0x000000078a600000|  0%| F|  |TAMS 0x000000078a400000, 0x000000078a400000| Untracked 
| 322|0x000000078a600000, 0x000000078a600000, 0x000000078a800000|  0%| F|  |TAMS 0x000000078a600000, 0x000000078a600000| Untracked 
| 323|0x000000078a800000, 0x000000078a800000, 0x000000078aa00000|  0%| F|  |TAMS 0x000000078a800000, 0x000000078a800000| Untracked 
| 324|0x000000078aa00000, 0x000000078aa00000, 0x000000078ac00000|  0%| F|  |TAMS 0x000000078aa00000, 0x000000078aa00000| Untracked 
| 325|0x000000078ac00000, 0x000000078ac00000, 0x000000078ae00000|  0%| F|  |TAMS 0x000000078ac00000, 0x000000078ac00000| Untracked 
| 326|0x000000078ae00000, 0x000000078ae00000, 0x000000078b000000|  0%| F|  |TAMS 0x000000078ae00000, 0x000000078ae00000| Untracked 
| 327|0x000000078b000000, 0x000000078b000000, 0x000000078b200000|  0%| F|  |TAMS 0x000000078b000000, 0x000000078b000000| Untracked 
| 328|0x000000078b200000, 0x000000078b200000, 0x000000078b400000|  0%| F|  |TAMS 0x000000078b200000, 0x000000078b200000| Untracked 
| 329|0x000000078b400000, 0x000000078b400000, 0x000000078b600000|  0%| F|  |TAMS 0x000000078b400000, 0x000000078b400000| Untracked 
| 330|0x000000078b600000, 0x000000078b600000, 0x000000078b800000|  0%| F|  |TAMS 0x000000078b600000, 0x000000078b600000| Untracked 
| 331|0x000000078b800000, 0x000000078b800000, 0x000000078ba00000|  0%| F|  |TAMS 0x000000078b800000, 0x000000078b800000| Untracked 

Card table byte_map: [0x000001b2c1ea0000,0x000001b2c2390000] _byte_map_base: 0x000001b2be38f000

Marking Bits (Prev, Next): (CMBitMap*) 0x000001b2aa846cd0, (CMBitMap*) 0x000001b2aa846d10
 Prev Bits: [0x000001b2c2880000, 0x000001b2c4ff8000)
 Next Bits: [0x000001b2c5000000, 0x000001b2c7778000)

Polling page: 0x000001b2a8780000

Metaspace:

Usage:
  Non-class:     12.48 MB used.
      Class:      2.00 MB used.
       Both:     14.48 MB used.

Virtual space:
  Non-class space:       64.00 MB reserved,      12.62 MB ( 20%) committed,  1 nodes.
      Class space:        1.00 GB reserved,       2.12 MB ( <1%) committed,  1 nodes.
             Both:        1.06 GB reserved,      14.75 MB (  1%) committed. 

Chunk freelists:
   Non-Class:  3.14 MB
       Class:  1.89 MB
        Both:  5.03 MB

MaxMetaspaceSize: unlimited
CompressedClassSpaceSize: 1.00 GB
Initial GC threshold: 21.00 MB
Current GC threshold: 24.38 MB
CDS: on
MetaspaceReclaimPolicy: balanced
 - commit_granule_bytes: 65536.
 - commit_granule_words: 8192.
 - virtual_space_node_default_size: 8388608.
 - enlarge_chunks_in_place: 1.
 - new_chunks_are_fully_committed: 0.
 - uncommit_free_chunks: 1.
 - use_allocation_guard: 0.


Internal statistics:

num_allocs_failed_limit: 0.
num_arena_births: 188.
num_arena_deaths: 0.
num_vsnodes_births: 2.
num_vsnodes_deaths: 0.
num_space_committed: 236.
num_space_uncommitted: 0.
num_chunks_returned_to_freelist: 0.
num_chunks_taken_from_freelist: 636.
num_chunk_merges: 0.
num_chunk_splits: 472.
num_chunks_enlarged: 384.
num_inconsistent_stats: 0.

CodeHeap 'non-profiled nmethods': size=119168Kb used=2437Kb max_used=2437Kb free=116730Kb
 bounds [0x000001b2b9cd0000, 0x000001b2b9f40000, 0x000001b2c1130000]
CodeHeap 'profiled nmethods': size=119104Kb used=6075Kb max_used=8045Kb free=113028Kb
 bounds [0x000001b2b2880000, 0x000001b2b3060000, 0x000001b2b9cd0000]
CodeHeap 'non-nmethods': size=7488Kb used=1556Kb max_used=3273Kb free=5931Kb
 bounds [0x000001b2b2130000, 0x000001b2b24d0000, 0x000001b2b2880000]
 total_blobs=4308 nmethods=3357 adapters=863
 compilation: enabled
              stopped_count=0, restarted_count=0
 full_count=0

Compilation events (20 events):
Event: 22.946 Thread 0x000001b2ca6a6bf0 nmethod 4949 0x000001b2b292d790 code [0x000001b2b292d9c0, 0x000001b2b292e2b8]
Event: 22.946 Thread 0x000001b2ca6a6bf0 4951   !   3       com.sun.javafx.collections.VetoableListDecorator::addAll (82 bytes)
Event: 22.946 Thread 0x000001b2ca6a6bf0 nmethod 4951 0x000001b2b2d15010 code [0x000001b2b2d15220, 0x000001b2b2d15a58]
Event: 22.953 Thread 0x000001b2ca6a6bf0 4955       3       com.sun.javafx.tk.quantum.QuantumToolkit::getFontLoader (4 bytes)
Event: 22.953 Thread 0x000001b2ca6a6bf0 nmethod 4955 0x000001b2b2b3c890 code [0x000001b2b2b3ca20, 0x000001b2b2b3cb98]
Event: 22.953 Thread 0x000001b2ca6a6bf0 4956       3       com.sun.javafx.font.PrismFontLoader::getInstance (4 bytes)
Event: 22.953 Thread 0x000001b2ca6a6bf0 nmethod 4956 0x000001b2b2b5ae90 code [0x000001b2b2b5b020, 0x000001b2b2b5b118]
Event: 22.957 Thread 0x000001b2ca6a0cb0 nmethod 4950 0x000001b2b9f2e510 code [0x000001b2b9f2e6e0, 0x000001b2b9f2ed68]
Event: 22.957 Thread 0x000001b2ca6a0cb0 4959       4       javafx.application.Platform::accessibilityActiveProperty (36 bytes)
Event: 22.957 Thread 0x000001b2ce955b30 4957       4       javafx.beans.property.BooleanPropertyBase::unbind (59 bytes)
Event: 22.958 Thread 0x000001b2ce955b30 nmethod 4957 0x000001b2b9f2f190 code [0x000001b2b9f2f300, 0x000001b2b9f2f398]
Event: 22.958 Thread 0x000001b2ce955b30 4958       4       javafx.scene.Node$17::invalidated (32 bytes)
Event: 22.960 Thread 0x000001b2ca6a0cb0 nmethod 4959 0x000001b2b9f2f490 code [0x000001b2b9f2f620, 0x000001b2b9f2f7f8]
Event: 22.960 Thread 0x000001b2ca6a0cb0 4954       4       javafx.beans.property.BooleanPropertyBase::bind (95 bytes)
Event: 22.960 Thread 0x000001b2ce955b30 nmethod 4958 0x000001b2b9f2f910 code [0x000001b2b9f2faa0, 0x000001b2b9f2fc38]
Event: 22.960 Thread 0x000001b2ce955b30 4953       4       javafx.css.StyleableBooleanProperty::bind (13 bytes)
Event: 22.977 Thread 0x000001b2ca6a6bf0 4967       3       javafx.scene.control.Labeled::textProperty (28 bytes)
Event: 22.978 Thread 0x000001b2ca6a6bf0 nmethod 4967 0x000001b2b2ded610 code [0x000001b2b2ded800, 0x000001b2b2deddd8]
Event: 22.985 Thread 0x000001b2ca6a0cb0 nmethod 4954 0x000001b2b9f2fd90 code [0x000001b2b9f2ff80, 0x000001b2b9f31008]
Event: 22.985 Thread 0x000001b2ca6a0cb0 4963       4       javafx.scene.chart.BarChart::createBar (103 bytes)

GC Heap History (20 events):
Event: 9.995 GC heap after
{Heap after GC invocations=17 (full 0):
 garbage-first heap   total 335872K, used 115351K [0x0000000762200000, 0x0000000800000000)
  region size 2048K, 10 young (20480K), 10 survivors (20480K)
 Metaspace       used 14715K, committed 14976K, reserved 1114112K
  class space    used 2046K, committed 2176K, reserved 1048576K
}
Event: 10.751 GC heap before
{Heap before GC invocations=17 (full 0):
 garbage-first heap   total 335872K, used 244375K [0x0000000762200000, 0x0000000800000000)
  region size 2048K, 69 young (141312K), 10 survivors (20480K)
 Metaspace       used 14715K, committed 14976K, reserved 1114112K
  class space    used 2046K, committed 2176K, reserved 1048576K
}
Event: 10.790 GC heap after
{Heap after GC invocations=18 (full 0):
 garbage-first heap   total 335872K, used 135871K [0x0000000762200000, 0x0000000800000000)
  region size 2048K, 6 young (12288K), 6 survivors (12288K)
 Metaspace       used 14715K, committed 14976K, reserved 1114112K
  class space    used 2046K, committed 2176K, reserved 1048576K
}
Event: 11.419 GC heap before
{Heap before GC invocations=18 (full 0):
 garbage-first heap   total 335872K, used 262847K [0x0000000762200000, 0x0000000800000000)
  region size 2048K, 62 young (126976K), 6 survivors (12288K)
 Metaspace       used 14733K, committed 14976K, reserved 1114112K
  class space    used 2046K, committed 2176K, reserved 1048576K
}
Event: 11.441 GC heap after
{Heap after GC invocations=19 (full 0):
 garbage-first heap   total 335872K, used 155450K [0x0000000762200000, 0x0000000800000000)
  region size 2048K, 7 young (14336K), 7 survivors (14336K)
 Metaspace       used 14733K, committed 14976K, reserved 1114112K
  class space    used 2046K, committed 2176K, reserved 1048576K
}
Event: 12.112 GC heap before
{Heap before GC invocations=19 (full 0):
 garbage-first heap   total 335872K, used 263994K [0x0000000762200000, 0x0000000800000000)
  region size 2048K, 56 young (114688K), 7 survivors (14336K)
 Metaspace       used 14733K, committed 14976K, reserved 1114112K
  class space    used 2046K, committed 2176K, reserved 1048576K
}
Event: 12.187 GC heap after
{Heap after GC invocations=20 (full 0):
 garbage-first heap   total 679936K, used 172656K [0x0000000762200000, 0x0000000800000000)
  region size 2048K, 5 young (10240K), 5 survivors (10240K)
 Metaspace       used 14733K, committed 14976K, reserved 1114112K
  class space    used 2046K, committed 2176K, reserved 1048576K
}
Event: 15.970 GC heap before
{Heap before GC invocations=20 (full 0):
 garbage-first heap   total 679936K, used 537200K [0x0000000762200000, 0x0000000800000000)
  region size 2048K, 164 young (335872K), 5 survivors (10240K)
 Metaspace       used 14753K, committed 14976K, reserved 1114112K
  class space    used 2046K, committed 2176K, reserved 1048576K
}
Event: 16.052 GC heap after
{Heap after GC invocations=21 (full 0):
 garbage-first heap   total 679936K, used 237568K [0x0000000762200000, 0x0000000800000000)
  region size 2048K, 21 young (43008K), 21 survivors (43008K)
 Metaspace       used 14753K, committed 14976K, reserved 1114112K
  class space    used 2046K, committed 2176K, reserved 1048576K
}
Event: 17.741 GC heap before
{Heap before GC invocations=21 (full 0):
 garbage-first heap   total 679936K, used 540672K [0x0000000762200000, 0x0000000800000000)
  region size 2048K, 152 young (311296K), 21 survivors (43008K)
 Metaspace       used 14796K, committed 15104K, reserved 1114112K
  class space    used 2046K, committed 2176K, reserved 1048576K
}
Event: 17.819 GC heap after
{Heap after GC invocations=22 (full 0):
 garbage-first heap   total 679936K, used 288470K [0x0000000762200000, 0x0000000800000000)
  region size 2048K, 14 young (28672K), 14 survivors (28672K)
 Metaspace       used 14796K, committed 15104K, reserved 1114112K
  class space    used 2046K, committed 2176K, reserved 1048576K
}
Event: 19.158 GC heap before
{Heap before GC invocations=22 (full 0):
 garbage-first heap   total 679936K, used 544470K [0x0000000762200000, 0x0000000800000000)
  region size 2048K, 129 young (264192K), 14 survivors (28672K)
 Metaspace       used 14807K, committed 15104K, reserved 1114112K
  class space    used 2046K, committed 2176K, reserved 1048576K
}
Event: 19.222 GC heap after
{Heap after GC invocations=23 (full 0):
 garbage-first heap   total 679936K, used 328360K [0x0000000762200000, 0x0000000800000000)
  region size 2048K, 13 young (26624K), 13 survivors (26624K)
 Metaspace       used 14807K, committed 15104K, reserved 1114112K
  class space    used 2046K, committed 2176K, reserved 1048576K
}
Event: 19.364 GC heap before
{Heap before GC invocations=23 (full 0):
 garbage-first heap   total 679936K, used 371368K [0x0000000762200000, 0x0000000800000000)
  region size 2048K, 34 young (69632K), 13 survivors (26624K)
 Metaspace       used 14807K, committed 15104K, reserved 1114112K
  class space    used 2046K, committed 2176K, reserved 1048576K
}
Event: 19.392 GC heap after
{Heap after GC invocations=24 (full 0):
 garbage-first heap   total 679936K, used 337078K [0x0000000762200000, 0x0000000800000000)
  region size 2048K, 5 young (10240K), 5 survivors (10240K)
 Metaspace       used 14807K, committed 15104K, reserved 1114112K
  class space    used 2046K, committed 2176K, reserved 1048576K
}
Event: 21.204 GC heap before
{Heap before GC invocations=25 (full 0):
 garbage-first heap   total 679936K, used 474294K [0x0000000762200000, 0x0000000800000000)
  region size 2048K, 101 young (206848K), 5 survivors (10240K)
 Metaspace       used 14812K, committed 15104K, reserved 1114112K
  class space    used 2046K, committed 2176K, reserved 1048576K
}
Event: 21.242 GC heap after
{Heap after GC invocations=26 (full 0):
 garbage-first heap   total 679936K, used 293978K [0x0000000762200000, 0x0000000800000000)
  region size 2048K, 13 young (26624K), 13 survivors (26624K)
 Metaspace       used 14812K, committed 15104K, reserved 1114112K
  class space    used 2046K, committed 2176K, reserved 1048576K
}
Event: 21.266 GC heap before
{Heap before GC invocations=26 (full 0):
 garbage-first heap   total 679936K, used 300122K [0x0000000762200000, 0x0000000800000000)
  region size 2048K, 16 young (32768K), 13 survivors (26624K)
 Metaspace       used 14812K, committed 15104K, reserved 1114112K
  class space    used 2046K, committed 2176K, reserved 1048576K
}
Event: 21.379 GC heap after
{Heap after GC invocations=27 (full 0):
 garbage-first heap   total 679936K, used 261485K [0x0000000762200000, 0x0000000800000000)
  region size 2048K, 1 young (2048K), 1 survivors (2048K)
 Metaspace       used 14812K, committed 15104K, reserved 1114112K
  class space    used 2046K, committed 2176K, reserved 1048576K
}
Event: 22.992 GC heap before
{Heap before GC invocations=27 (full 0):
 garbage-first heap   total 679936K, used 548205K [0x0000000762200000, 0x0000000800000000)
  region size 2048K, 125 young (256000K), 1 survivors (2048K)
 Metaspace       used 14827K, committed 15104K, reserved 1114112K
  class space    used 2046K, committed 2176K, reserved 1048576K
}

Deoptimization events (20 events):
Event: 9.809 Thread 0x000001b2cf6f31c0 DEOPT PACKING pc=0x000001b2b9eb3ed4 sp=0x0000005aef2fd5a0
Event: 9.809 Thread 0x000001b2cf6f31c0 DEOPT UNPACKING pc=0x000001b2b21823a3 sp=0x0000005aef2fd538 mode 2
Event: 11.074 Thread 0x000001b2cf6f31c0 Uncommon trap: trap_request=0xffffffde fr.pc=0x000001b2b9ef8aec relative=0x00000000000001cc
Event: 11.074 Thread 0x000001b2cf6f31c0 Uncommon trap: reason=class_check action=maybe_recompile pc=0x000001b2b9ef8aec method=java.lang.reflect.Array.newInstance(Ljava/lang/Class;I)Ljava/lang/Object; @ 2 c2
Event: 11.074 Thread 0x000001b2cf6f31c0 DEOPT PACKING pc=0x000001b2b9ef8aec sp=0x0000005aef2fcb10
Event: 11.074 Thread 0x000001b2cf6f31c0 DEOPT UNPACKING pc=0x000001b2b21823a3 sp=0x0000005aef2fca10 mode 2
Event: 11.074 Thread 0x000001b2cf6f31c0 Uncommon trap: trap_request=0xffffffde fr.pc=0x000001b2b9ef8aec relative=0x00000000000001cc
Event: 11.074 Thread 0x000001b2cf6f31c0 Uncommon trap: reason=class_check action=maybe_recompile pc=0x000001b2b9ef8aec method=java.lang.reflect.Array.newInstance(Ljava/lang/Class;I)Ljava/lang/Object; @ 2 c2
Event: 11.074 Thread 0x000001b2cf6f31c0 DEOPT PACKING pc=0x000001b2b9ef8aec sp=0x0000005aef2fcb10
Event: 11.074 Thread 0x000001b2cf6f31c0 DEOPT UNPACKING pc=0x000001b2b21823a3 sp=0x0000005aef2fca10 mode 2
Event: 11.074 Thread 0x000001b2cf6f31c0 Uncommon trap: trap_request=0xffffffde fr.pc=0x000001b2b9ef8aec relative=0x00000000000001cc
Event: 11.074 Thread 0x000001b2cf6f31c0 Uncommon trap: reason=class_check action=maybe_recompile pc=0x000001b2b9ef8aec method=java.lang.reflect.Array.newInstance(Ljava/lang/Class;I)Ljava/lang/Object; @ 2 c2
Event: 11.074 Thread 0x000001b2cf6f31c0 DEOPT PACKING pc=0x000001b2b9ef8aec sp=0x0000005aef2fcb10
Event: 11.074 Thread 0x000001b2cf6f31c0 DEOPT UNPACKING pc=0x000001b2b21823a3 sp=0x0000005aef2fca10 mode 2
Event: 11.074 Thread 0x000001b2cf6f31c0 Uncommon trap: trap_request=0xffffffde fr.pc=0x000001b2b9ef8aec relative=0x00000000000001cc
Event: 11.074 Thread 0x000001b2cf6f31c0 Uncommon trap: reason=class_check action=maybe_recompile pc=0x000001b2b9ef8aec method=java.lang.reflect.Array.newInstance(Ljava/lang/Class;I)Ljava/lang/Object; @ 2 c2
Event: 11.074 Thread 0x000001b2cf6f31c0 DEOPT PACKING pc=0x000001b2b9ef8aec sp=0x0000005aef2fcb10
Event: 11.074 Thread 0x000001b2cf6f31c0 DEOPT UNPACKING pc=0x000001b2b21823a3 sp=0x0000005aef2fca10 mode 2
Event: 18.855 Thread 0x000001b2cf6f31c0 DEOPT PACKING pc=0x000001b2b2c2a872 sp=0x0000005aef2fddf0
Event: 18.855 Thread 0x000001b2cf6f31c0 DEOPT UNPACKING pc=0x000001b2b2182b43 sp=0x0000005aef2fd2b0 mode 0

Classes loaded (20 events):
Event: 3.482 Loading class java/lang/invoke/BoundMethodHandle$Species_LI
Event: 3.482 Loading class java/lang/invoke/BoundMethodHandle$Species_LI done
Event: 3.505 Loading class java/lang/ArrayIndexOutOfBoundsException
Event: 3.505 Loading class java/lang/ArrayIndexOutOfBoundsException done
Event: 3.507 Loading class java/lang/FdLibm$Hypot
Event: 3.508 Loading class java/lang/FdLibm$Hypot done
Event: 3.508 Loading class java/lang/FdLibm
Event: 3.508 Loading class java/lang/FdLibm done
Event: 3.534 Loading class java/math/BigDecimal
Event: 3.535 Loading class java/math/BigDecimal done
Event: 3.535 Loading class java/text/FieldPosition$Delegate
Event: 3.535 Loading class java/text/FieldPosition$Delegate done
Event: 3.776 Loading class java/util/ComparableTimSort
Event: 3.776 Loading class java/util/ComparableTimSort done
Event: 4.010 Loading class java/util/WeakHashMap$EntrySet
Event: 4.010 Loading class java/util/WeakHashMap$EntrySet done
Event: 4.010 Loading class java/util/WeakHashMap$EntryIterator
Event: 4.011 Loading class java/util/WeakHashMap$EntryIterator done
Event: 4.014 Loading class java/util/ConcurrentModificationException
Event: 4.014 Loading class java/util/ConcurrentModificationException done

Classes unloaded (0 events):
No events

Classes redefined (0 events):
No events

Internal exceptions (20 events):
Event: 1.270 Thread 0x000001b2cf6f31c0 Exception <a 'java/lang/NoSuchMethodError'{0x000000076b532228}: 'void java.lang.invoke.DirectMethodHandle$Holder.invokeStaticInit(java.lang.Object, java.lang.Object)'> (0x000000076b532228) 
thrown [s\open\src\hotspot\share\interpreter\linkResolver.cpp, line 766]
Event: 2.520 Thread 0x000001b2cf6f31c0 Exception <a 'java/lang/NoSuchMethodError'{0x00000007695c4528}: 'void java.lang.invoke.DirectMethodHandle$Holder.invokeSpecial(java.lang.Object, java.lang.Object, java.lang.Object, java.lang.Object, java.lang.Object, java.lang.Object)'> (0x00000007695c4528) 
thrown [s\open\src\hotspot\share\interpreter\linkResolver.cpp, line 766]
Event: 2.781 Thread 0x000001b2cf6f31c0 Exception <a 'sun/nio/fs/WindowsException'{0x00000007684203f8}> (0x00000007684203f8) 
thrown [s\open\src\hotspot\share\prims\jni.cpp, line 516]
Event: 2.791 Thread 0x000001b2cf6f31c0 Implicit null exception at 0x000001b2b9cedf58 to 0x000001b2b9cedfee
Event: 2.797 Thread 0x000001b2cf6f31c0 Implicit null exception at 0x000001b2b9d3f12f to 0x000001b2b9d3f408
Event: 2.798 Thread 0x000001b2cf6f31c0 Implicit null exception at 0x000001b2b9d36aaf to 0x000001b2b9d36cf0
Event: 2.799 Thread 0x000001b2cf6f31c0 Implicit null exception at 0x000001b2b9ced30f to 0x000001b2b9ced389
Event: 3.127 Thread 0x000001b2cf6f31c0 Implicit null exception at 0x000001b2b9d6a749 to 0x000001b2b9d6a7a4
Event: 3.132 Thread 0x000001b2cf6f31c0 Exception <a 'java/lang/NoSuchMethodError'{0x0000000767ae73f0}: 'java.lang.Object java.lang.invoke.DirectMethodHandle$Holder.invokeInterface(java.lang.Object, java.lang.Object, java.lang.Object)'> (0x0000000767ae73f0) 
thrown [s\open\src\hotspot\share\interpreter\linkResolver.cpp, line 766]
Event: 3.133 Thread 0x000001b2cf6f31c0 Exception <a 'java/lang/IncompatibleClassChangeError'{0x0000000767aead70}: Found class java.lang.Object, but interface was expected> (0x0000000767aead70) 
thrown [s\open\src\hotspot\share\interpreter\linkResolver.cpp, line 833]
Event: 3.374 Thread 0x000001b2cf6f31c0 Exception <a 'java/lang/ClassNotFoundException'{0x000000076bcad4f8}: com/sun/javafx/scene/control/skin/resources/controls> (0x000000076bcad4f8) 
thrown [s\open\src\hotspot\share\prims\jni.cpp, line 535]
Event: 3.377 Thread 0x000001b2cf6f31c0 Exception <a 'java/lang/ClassNotFoundException'{0x000000076bcbb498}: com/sun/javafx/scene/control/skin/resources/controls_ru> (0x000000076bcbb498) 
thrown [s\open\src\hotspot\share\prims\jni.cpp, line 535]
Event: 3.377 Thread 0x000001b2cf6f31c0 Exception <a 'java/lang/ClassNotFoundException'{0x000000076bcbc430}: com/sun/javafx/scene/control/skin/resources/controls_ru_RU> (0x000000076bcbc430) 
thrown [s\open\src\hotspot\share\prims\jni.cpp, line 535]
Event: 3.448 Thread 0x000001b2cf6f31c0 Implicit null exception at 0x000001b2b9dacf6f to 0x000001b2b9dad73c
Event: 3.481 Thread 0x000001b2cf6f31c0 Exception <a 'java/lang/NoSuchMethodError'{0x000000076b8cf1e0}: 'int java.lang.invoke.DirectMethodHandle$Holder.invokeSpecial(java.lang.Object, java.lang.Object, int)'> (0x000000076b8cf1e0) 
thrown [s\open\src\hotspot\share\interpreter\linkResolver.cpp, line 766]
Event: 3.482 Thread 0x000001b2cf6f31c0 Exception <a 'java/lang/NoSuchMethodError'{0x000000076b8d6e70}: 'int java.lang.invoke.DirectMethodHandle$Holder.invokeSpecial(java.lang.Object, java.lang.Object, java.lang.Object, int)'> (0x000000076b8d6e70) 
thrown [s\open\src\hotspot\share\interpreter\linkResolver.cpp, line 766]
Event: 3.484 Thread 0x000001b2cf6f31c0 Exception <a 'java/lang/NoSuchMethodError'{0x000000076b8e9488}: 'java.lang.Object java.lang.invoke.DirectMethodHandle$Holder.invokeStatic(java.lang.Object, java.lang.Object, java.lang.Object, java.lang.Object, int)'> (0x000000076b8e9488) 
thrown [s\open\src\hotspot\share\interpreter\linkResolver.cpp, line 766]
Event: 3.485 Thread 0x000001b2cf6f31c0 Exception <a 'java/lang/NoSuchMethodError'{0x000000076b8f1f40}: 'int java.lang.invoke.DirectMethodHandle$Holder.invokeSpecial(java.lang.Object, java.lang.Object, java.lang.Object)'> (0x000000076b8f1f40) 
thrown [s\open\src\hotspot\share\interpreter\linkResolver.cpp, line 766]
Event: 3.992 Thread 0x000001b2cf6f31c0 Exception <a 'java/lang/NoSuchMethodError'{0x000000076a7ab310}: 'java.lang.Object java.lang.invoke.DirectMethodHandle$Holder.newInvokeSpecial(java.lang.Object, java.lang.Object, int)'> (0x000000076a7ab310) 
thrown [s\open\src\hotspot\share\interpreter\linkResolver.cpp, line 766]
Event: 7.070 Thread 0x000001b2cf6f31c0 Implicit null exception at 0x000001b2b9df6ba8 to 0x000001b2b9dff3b0

VM Operations (20 events):
Event: 16.053 Executing VM operation: G1CollectForAllocation done
Event: 17.053 Executing VM operation: Cleanup
Event: 17.053 Executing VM operation: Cleanup done
Event: 17.741 Executing VM operation: G1CollectForAllocation
Event: 17.820 Executing VM operation: G1CollectForAllocation done
Event: 18.820 Executing VM operation: Cleanup
Event: 18.823 Executing VM operation: Cleanup done
Event: 19.158 Executing VM operation: G1CollectForAllocation
Event: 19.222 Executing VM operation: G1CollectForAllocation done
Event: 19.364 Executing VM operation: G1TryInitiateConcMark
Event: 19.392 Executing VM operation: G1TryInitiateConcMark done
Event: 19.782 Executing VM operation: G1Concurrent
Event: 19.805 Executing VM operation: G1Concurrent done
Event: 20.045 Executing VM operation: G1Concurrent
Event: 20.047 Executing VM operation: G1Concurrent done
Event: 21.202 Executing VM operation: G1CollectForAllocation
Event: 21.242 Executing VM operation: G1CollectForAllocation done
Event: 21.265 Executing VM operation: G1CollectForAllocation
Event: 21.379 Executing VM operation: G1CollectForAllocation done
Event: 22.992 Executing VM operation: G1CollectForAllocation

Events (20 events):
Event: 12.243 Thread 0x000001b2ca6a7620 flushing nmethod 0x000001b2b2ebce90
Event: 12.243 Thread 0x000001b2ca6a7620 flushing nmethod 0x000001b2b2ebef10
Event: 12.243 Thread 0x000001b2ca6a7620 flushing nmethod 0x000001b2b2ec0e90
Event: 12.244 Thread 0x000001b2ca6a7620 flushing nmethod 0x000001b2b2ecf610
Event: 12.244 Thread 0x000001b2ca6a7620 flushing nmethod 0x000001b2b2ef0490
Event: 12.244 Thread 0x000001b2ca6a7620 flushing nmethod 0x000001b2b2efc090
Event: 12.244 Thread 0x000001b2ca6a7620 flushing nmethod 0x000001b2b2f5ff10
Event: 12.244 Thread 0x000001b2ca6a7620 flushing nmethod 0x000001b2b2f60710
Event: 12.244 Thread 0x000001b2ca6a7620 flushing nmethod 0x000001b2b2f61a10
Event: 12.244 Thread 0x000001b2ca6a7620 flushing nmethod 0x000001b2b2f71b90
Event: 12.244 Thread 0x000001b2ca6a7620 flushing nmethod 0x000001b2b2fa3c90
Event: 12.244 Thread 0x000001b2ca6a7620 flushing nmethod 0x000001b2b2fa9510
Event: 12.244 Thread 0x000001b2ca6a7620 flushing nmethod 0x000001b2b2fe7510
Event: 12.244 Thread 0x000001b2ca6a7620 flushing nmethod 0x000001b2b2ff3e90
Event: 12.245 Thread 0x000001b2ca6a7620 flushing nmethod 0x000001b2b301b710
Event: 17.695 Thread 0x000001b2da496140 Thread added: 0x000001b2da496140
Event: 18.756 Thread 0x000001b2da496140 Thread exited: 0x000001b2da496140
Event: 21.904 Thread 0x000001b2ce951960 Thread added: 0x000001b2ce951960
Event: 22.945 Thread 0x000001b2ce951960 Thread exited: 0x000001b2ce951960
Event: 22.957 Thread 0x000001b2ce955b30 Thread added: 0x000001b2ce955b30


Dynamic libraries:
0x00007ff604cd0000 - 0x00007ff604ce0000 	C:\Program Files\Java\jdk-18.0.1.1\bin\java.exe
0x00007ffe0bf50000 - 0x00007ffe0c148000 	C:\Windows\SYSTEM32\ntdll.dll
0x00007ffe0b640000 - 0x00007ffe0b6ff000 	C:\Windows\System32\KERNEL32.DLL
0x00007ffe09800000 - 0x00007ffe09ad2000 	C:\Windows\System32\KERNELBASE.dll
0x00007ffe09b70000 - 0x00007ffe09c70000 	C:\Windows\System32\ucrtbase.dll
0x00007ffe05e70000 - 0x00007ffe05e8a000 	C:\Program Files\Java\jdk-18.0.1.1\bin\VCRUNTIME140.dll
0x00007ffe043e0000 - 0x00007ffe043f8000 	C:\Program Files\Java\jdk-18.0.1.1\bin\jli.dll
0x00007ffe0a1f0000 - 0x00007ffe0a29e000 	C:\Windows\System32\ADVAPI32.dll
0x00007ffe0be50000 - 0x00007ffe0beee000 	C:\Windows\System32\msvcrt.dll
0x00007ffe0ac10000 - 0x00007ffe0acac000 	C:\Windows\System32\sechost.dll
0x00007ffe0ae20000 - 0x00007ffe0af45000 	C:\Windows\System32\RPCRT4.dll
0x00007ffe0b4a0000 - 0x00007ffe0b63d000 	C:\Windows\System32\USER32.dll
0x00007ffe097d0000 - 0x00007ffe097f2000 	C:\Windows\System32\win32u.dll
0x00007ffe08a60000 - 0x00007ffe08cfa000 	C:\Windows\WinSxS\amd64_microsoft.windows.common-controls_6595b64144ccf1df_6.0.19041.1110_none_60b5254171f9507e\COMCTL32.dll
0x00007ffe0b9e0000 - 0x00007ffe0ba0b000 	C:\Windows\System32\GDI32.dll
0x00007ffe09650000 - 0x00007ffe0975f000 	C:\Windows\System32\gdi32full.dll
0x00007ffe09cc0000 - 0x00007ffe09d5d000 	C:\Windows\System32\msvcp_win.dll
0x00007ffdfc610000 - 0x00007ffdfc61a000 	C:\Windows\SYSTEM32\VERSION.dll
0x00007ffe0acb0000 - 0x00007ffe0ace2000 	C:\Windows\System32\IMM32.DLL
0x00007ffe05e60000 - 0x00007ffe05e6c000 	C:\Program Files\Java\jdk-18.0.1.1\bin\vcruntime140_1.dll
0x00007ffe03810000 - 0x00007ffe0389d000 	C:\Program Files\Java\jdk-18.0.1.1\bin\msvcp140.dll
0x00007ffdd9430000 - 0x00007ffdda040000 	C:\Program Files\Java\jdk-18.0.1.1\bin\server\jvm.dll
0x00007ffe0ad50000 - 0x00007ffe0ad58000 	C:\Windows\System32\PSAPI.DLL
0x00007ffdfc5e0000 - 0x00007ffdfc607000 	C:\Windows\SYSTEM32\WINMM.dll
0x00007ffe00190000 - 0x00007ffe00199000 	C:\Windows\SYSTEM32\WSOCK32.dll
0x00007ffe0aa00000 - 0x00007ffe0aa6b000 	C:\Windows\System32\WS2_32.dll
0x00007ffe071a0000 - 0x00007ffe071b2000 	C:\Windows\SYSTEM32\kernel.appcore.dll
0x00007ffe043d0000 - 0x00007ffe043da000 	C:\Program Files\Java\jdk-18.0.1.1\bin\jimage.dll
0x00007ffe08e40000 - 0x00007ffe09024000 	C:\Windows\SYSTEM32\DBGHELP.DLL
0x00007ffe08e10000 - 0x00007ffe08e3c000 	C:\Windows\SYSTEM32\dbgcore.DLL
0x00007ffe09ae0000 - 0x00007ffe09b62000 	C:\Windows\System32\bcryptPrimitives.dll
0x00007ffe02c40000 - 0x00007ffe02c4e000 	C:\Program Files\Java\jdk-18.0.1.1\bin\instrument.dll
0x00007ffe02bc0000 - 0x00007ffe02be5000 	C:\Program Files\Java\jdk-18.0.1.1\bin\java.dll
0x00007ffdff660000 - 0x00007ffdff736000 	C:\Program Files\Java\jdk-18.0.1.1\bin\jsvml.dll
0x00007ffe0a2b0000 - 0x00007ffe0a9f3000 	C:\Windows\System32\SHELL32.dll
0x00007ffe06a00000 - 0x00007ffe07192000 	C:\Windows\SYSTEM32\windows.storage.dll
0x00007ffe0baf0000 - 0x00007ffe0be44000 	C:\Windows\System32\combase.dll
0x00007ffe08950000 - 0x00007ffe08980000 	C:\Windows\SYSTEM32\Wldp.dll
0x00007ffe0a030000 - 0x00007ffe0a0dd000 	C:\Windows\System32\SHCORE.dll
0x00007ffe0acf0000 - 0x00007ffe0ad45000 	C:\Windows\System32\shlwapi.dll
0x00007ffe09590000 - 0x00007ffe095af000 	C:\Windows\SYSTEM32\profapi.dll
0x00007ffe035a0000 - 0x00007ffe035b3000 	C:\Program Files\Java\jdk-18.0.1.1\bin\net.dll
0x00007ffdffe00000 - 0x00007ffdfff0c000 	C:\Windows\SYSTEM32\WINHTTP.dll
0x00007ffe08820000 - 0x00007ffe0888a000 	C:\Windows\system32\mswsock.dll
0x00007ffe02ba0000 - 0x00007ffe02bb6000 	C:\Program Files\Java\jdk-18.0.1.1\bin\nio.dll
0x00007ffdff640000 - 0x00007ffdff658000 	C:\Program Files\Java\jdk-18.0.1.1\bin\zip.dll
0x00007ffe02c20000 - 0x00007ffe02c3a000 	F:\IntelliJ IDEA Community Edition 2022.1.3\bin\breakgen64.dll
0x000001b2a87d0000 - 0x000001b2a87d3000 	C:\Users\nashk\.openjfx\cache\18+12\api-ms-win-core-console-l1-1-0.dll
0x000001b2a87e0000 - 0x000001b2a87e3000 	C:\Users\nashk\.openjfx\cache\18+12\api-ms-win-core-console-l1-2-0.dll
0x000001b2a87f0000 - 0x000001b2a87f3000 	C:\Users\nashk\.openjfx\cache\18+12\api-ms-win-core-datetime-l1-1-0.dll
0x000001b2a8800000 - 0x000001b2a8803000 	C:\Users\nashk\.openjfx\cache\18+12\api-ms-win-core-debug-l1-1-0.dll
0x000001b2aa770000 - 0x000001b2aa773000 	C:\Users\nashk\.openjfx\cache\18+12\api-ms-win-core-errorhandling-l1-1-0.dll
0x000001b2aa780000 - 0x000001b2aa784000 	C:\Users\nashk\.openjfx\cache\18+12\api-ms-win-core-file-l1-1-0.dll
0x000001b2aa790000 - 0x000001b2aa793000 	C:\Users\nashk\.openjfx\cache\18+12\api-ms-win-core-file-l1-2-0.dll
0x000001b2aa7a0000 - 0x000001b2aa7a3000 	C:\Users\nashk\.openjfx\cache\18+12\api-ms-win-core-file-l2-1-0.dll
0x000001b2aa7b0000 - 0x000001b2aa7b3000 	C:\Users\nashk\.openjfx\cache\18+12\api-ms-win-core-handle-l1-1-0.dll
0x000001b2ca750000 - 0x000001b2ca753000 	C:\Users\nashk\.openjfx\cache\18+12\api-ms-win-core-heap-l1-1-0.dll
0x000001b2ca760000 - 0x000001b2ca763000 	C:\Users\nashk\.openjfx\cache\18+12\api-ms-win-core-interlocked-l1-1-0.dll
0x000001b2ca770000 - 0x000001b2ca773000 	C:\Users\nashk\.openjfx\cache\18+12\api-ms-win-core-libraryloader-l1-1-0.dll
0x000001b2ca780000 - 0x000001b2ca783000 	C:\Users\nashk\.openjfx\cache\18+12\api-ms-win-core-localization-l1-2-0.dll
0x000001b2ca790000 - 0x000001b2ca793000 	C:\Users\nashk\.openjfx\cache\18+12\api-ms-win-core-memory-l1-1-0.dll
0x000001b2ca7a0000 - 0x000001b2ca7a3000 	C:\Users\nashk\.openjfx\cache\18+12\api-ms-win-core-namedpipe-l1-1-0.dll
0x000001b2ca7b0000 - 0x000001b2ca7b3000 	C:\Users\nashk\.openjfx\cache\18+12\api-ms-win-core-processenvironment-l1-1-0.dll
0x000001b2ca7c0000 - 0x000001b2ca7c3000 	C:\Users\nashk\.openjfx\cache\18+12\api-ms-win-core-processthreads-l1-1-0.dll
0x000001b2ca7d0000 - 0x000001b2ca7d3000 	C:\Users\nashk\.openjfx\cache\18+12\api-ms-win-core-processthreads-l1-1-1.dll
0x000001b2ca7e0000 - 0x000001b2ca7e3000 	C:\Users\nashk\.openjfx\cache\18+12\api-ms-win-core-profile-l1-1-0.dll
0x000001b2ca7f0000 - 0x000001b2ca7f3000 	C:\Users\nashk\.openjfx\cache\18+12\api-ms-win-core-rtlsupport-l1-1-0.dll
0x000001b2d04e0000 - 0x000001b2d04e3000 	C:\Users\nashk\.openjfx\cache\18+12\api-ms-win-core-string-l1-1-0.dll
0x000001b2d04f0000 - 0x000001b2d04f3000 	C:\Users\nashk\.openjfx\cache\18+12\api-ms-win-core-synch-l1-1-0.dll
0x000001b2d0500000 - 0x000001b2d0503000 	C:\Users\nashk\.openjfx\cache\18+12\api-ms-win-core-synch-l1-2-0.dll
0x000001b2d0510000 - 0x000001b2d0513000 	C:\Users\nashk\.openjfx\cache\18+12\api-ms-win-core-sysinfo-l1-1-0.dll
0x000001b2d0520000 - 0x000001b2d0523000 	C:\Users\nashk\.openjfx\cache\18+12\api-ms-win-core-timezone-l1-1-0.dll
0x000001b2d0530000 - 0x000001b2d0533000 	C:\Users\nashk\.openjfx\cache\18+12\api-ms-win-core-util-l1-1-0.dll
0x000001b2d0540000 - 0x000001b2d0543000 	C:\Users\nashk\.openjfx\cache\18+12\api-ms-win-crt-conio-l1-1-0.dll
0x000001b2d0550000 - 0x000001b2d0554000 	C:\Users\nashk\.openjfx\cache\18+12\api-ms-win-crt-convert-l1-1-0.dll
0x000001b2d0560000 - 0x000001b2d0563000 	C:\Users\nashk\.openjfx\cache\18+12\api-ms-win-crt-environment-l1-1-0.dll
0x000001b2d0570000 - 0x000001b2d0573000 	C:\Users\nashk\.openjfx\cache\18+12\api-ms-win-crt-filesystem-l1-1-0.dll
0x000001b2d0580000 - 0x000001b2d0583000 	C:\Users\nashk\.openjfx\cache\18+12\api-ms-win-crt-heap-l1-1-0.dll
0x000001b2d0590000 - 0x000001b2d0593000 	C:\Users\nashk\.openjfx\cache\18+12\api-ms-win-crt-locale-l1-1-0.dll
0x000001b2d05a0000 - 0x000001b2d05a5000 	C:\Users\nashk\.openjfx\cache\18+12\api-ms-win-crt-math-l1-1-0.dll
0x000001b2d05b0000 - 0x000001b2d05b5000 	C:\Users\nashk\.openjfx\cache\18+12\api-ms-win-crt-multibyte-l1-1-0.dll
0x000001b2d05c0000 - 0x000001b2d05d0000 	C:\Users\nashk\.openjfx\cache\18+12\api-ms-win-crt-private-l1-1-0.dll
0x000001b2d05d0000 - 0x000001b2d05d3000 	C:\Users\nashk\.openjfx\cache\18+12\api-ms-win-crt-process-l1-1-0.dll
0x000001b2d05e0000 - 0x000001b2d05e4000 	C:\Users\nashk\.openjfx\cache\18+12\api-ms-win-crt-runtime-l1-1-0.dll
0x000001b2d05f0000 - 0x000001b2d05f4000 	C:\Users\nashk\.openjfx\cache\18+12\api-ms-win-crt-stdio-l1-1-0.dll
0x000001b2d0600000 - 0x000001b2d0604000 	C:\Users\nashk\.openjfx\cache\18+12\api-ms-win-crt-string-l1-1-0.dll
0x000001b2d0610000 - 0x000001b2d0613000 	C:\Users\nashk\.openjfx\cache\18+12\api-ms-win-crt-time-l1-1-0.dll
0x000001b2d0620000 - 0x000001b2d0623000 	C:\Users\nashk\.openjfx\cache\18+12\api-ms-win-crt-utility-l1-1-0.dll
0x00007ffdff510000 - 0x00007ffdff60c000 	C:\Users\nashk\.openjfx\cache\18+12\ucrtbase.dll
0x00007ffe02c00000 - 0x00007ffe02c1a000 	C:\Users\nashk\.openjfx\cache\18+12\vcruntime140.dll
0x00007ffe02bf0000 - 0x00007ffe02bfc000 	C:\Users\nashk\.openjfx\cache\18+12\vcruntime140_1.dll
0x00007ffdf0da0000 - 0x00007ffdf0e2d000 	C:\Users\nashk\.openjfx\cache\18+12\msvcp140.dll
0x00007ffdff4e0000 - 0x00007ffdff50c000 	C:\Users\nashk\.openjfx\cache\18+12\prism_d3d.dll
0x00007ffdcd380000 - 0x00007ffdcd54f000 	C:\Windows\system32\d3d9.dll
0x00007ffe06310000 - 0x00007ffe0633f000 	C:\Windows\SYSTEM32\dwmapi.dll
0x00007ffe06130000 - 0x00007ffe061ce000 	C:\Windows\system32\uxtheme.dll
0x00007ffdfc650000 - 0x00007ffdfc82b000 	C:\Windows\System32\DriverStore\FileRepository\u0369826.inf_amd64_d91a656b5b5a706f\B369681\aticfx64.dll
0x00007ffde8b10000 - 0x00007ffde8b43000 	C:\Windows\System32\DriverStore\FileRepository\u0369826.inf_amd64_d91a656b5b5a706f\B369681\atiu9p64.dll
0x00007ffdcc650000 - 0x00007ffdcd371000 	C:\Windows\System32\DriverStore\FileRepository\u0369826.inf_amd64_d91a656b5b5a706f\B369681\atiumd64.dll
0x00007ffe0b700000 - 0x00007ffe0b82a000 	C:\Windows\System32\ole32.dll
0x00000000547a0000 - 0x0000000055663000 	C:\Windows\System32\DriverStore\FileRepository\u0369826.inf_amd64_d91a656b5b5a706f\B369681\atiumd6a.dll
0x00007ffe09410000 - 0x00007ffe0945b000 	C:\Windows\SYSTEM32\POWRPROF.dll
0x00007ffe093f0000 - 0x00007ffe09402000 	C:\Windows\SYSTEM32\UMPDC.dll
0x00007ffdfa5d0000 - 0x00007ffdfa600000 	C:\Windows\SYSTEM32\amdihk64.dll
0x00007ffdf7220000 - 0x00007ffdf7262000 	C:\Users\nashk\.openjfx\cache\18+12\glass.dll
0x00007ffe0b3c0000 - 0x00007ffe0b49a000 	C:\Windows\System32\COMDLG32.dll
0x00007ffe0ba20000 - 0x00007ffe0baed000 	C:\Windows\System32\OLEAUT32.dll
0x00007ffe0aaf0000 - 0x00007ffe0ac05000 	C:\Windows\System32\MSCTF.dll
0x00007ffdfc5a0000 - 0x00007ffdfc5db000 	C:\Windows\SYSTEM32\dxcore.dll
0x00007ffe09c70000 - 0x00007ffe09cbe000 	C:\Windows\System32\cfgmgr32.dll
0x00007ffdb5460000 - 0x00007ffdb8691000 	F:\opencv\opencv\build\java\x64\opencv_java460.dll
0x00007ffe02840000 - 0x00007ffe028c4000 	C:\Windows\SYSTEM32\MF.dll
0x00007ffdeaf60000 - 0x00007ffdeb06a000 	C:\Windows\SYSTEM32\MFReadWrite.dll
0x00007ffe01a30000 - 0x00007ffe01bec000 	C:\Windows\SYSTEM32\MFPlat.DLL
0x00007ffd9e960000 - 0x00007ffd9edee000 	C:\Windows\SYSTEM32\MFCORE.DLL
0x00007ffe09e40000 - 0x00007ffe09f96000 	C:\Windows\System32\CRYPT32.dll
0x00007ffe09d60000 - 0x00007ffe09d87000 	C:\Windows\System32\bcrypt.dll
0x00007ffe01f50000 - 0x00007ffe01f59000 	C:\Windows\SYSTEM32\ksuser.dll
0x00007ffe08910000 - 0x00007ffe0891c000 	C:\Windows\SYSTEM32\CRYPTBASE.DLL
0x00007ffe01860000 - 0x00007ffe01894000 	C:\Windows\SYSTEM32\RTWorkQ.DLL
0x00007ffdff620000 - 0x00007ffdff634000 	C:\Users\nashk\.openjfx\cache\18+12\javafx_font.dll
0x00007ffdfa350000 - 0x00007ffdfa5cf000 	C:\Windows\SYSTEM32\dwrite.dll
0x00007ffe0a140000 - 0x00007ffe0a1ef000 	C:\Windows\System32\clbcatq.dll
0x00007ffe014d0000 - 0x00007ffe01684000 	C:\Windows\SYSTEM32\WindowsCodecs.dll
0x00007ffde44a0000 - 0x00007ffde44de000 	C:\Windows\system32\dataexchange.dll
0x00007ffe05360000 - 0x00007ffe05543000 	C:\Windows\system32\dcomp.dll
0x00007ffe04880000 - 0x00007ffe04ae3000 	C:\Windows\system32\d3d11.dll
0x00007ffe078b0000 - 0x00007ffe079a3000 	C:\Windows\system32\dxgi.dll

dbghelp: loaded successfully - version: 4.0.5 - missing functions: none
symbol engine: initialized successfully - sym options: 0x614 - pdb path: .;C:\Program Files\Java\jdk-18.0.1.1\bin;C:\Windows\SYSTEM32;C:\Windows\WinSxS\amd64_microsoft.windows.common-controls_6595b64144ccf1df_6.0.19041.1110_none_60b5254171f9507e;C:\Program Files\Java\jdk-18.0.1.1\bin\server;F:\IntelliJ IDEA Community Edition 2022.1.3\bin;C:\Users\nashk\.openjfx\cache\18+12;C:\Windows\System32\DriverStore\FileRepository\u0369826.inf_amd64_d91a656b5b5a706f\B369681;F:\opencv\opencv\build\java\x64;C:\Program Files\Common Files\Microsoft Shared\Ink

VM Arguments:
jvm_args: -Djava.library.path=F:\opencv\opencv\build\java\x64 -javaagent:F:\IntelliJ IDEA Community Edition 2022.1.3\lib\idea_rt.jar=55230:F:\IntelliJ IDEA Community Edition 2022.1.3\bin -Dfile.encoding=UTF-8 --module-path=F:\opencv\opencv\build\java\opencv-460.jar;C:\Users\nashk\.m2\repository\org\openjfx\javafx-fxml\18\javafx-fxml-18-win.jar;C:\Users\nashk\.m2\repository\org\openjfx\javafx-controls\18\javafx-controls-18-win.jar;F:\JVPr\singleThreadServExample_habr\appl1\target\classes;C:\Users\nashk\.m2\repository\org\openjfx\javafx-graphics\18\javafx-graphics-18-win.jar;C:\Users\nashk\.m2\repository\org\openjfx\javafx-base\18\javafx-base-18-win.jar -Djdk.module.main=com.example.appl1 
java_command: com.example.appl1/com.example.appl1.HelloApplication
java_class_path (initial): C:\Users\nashk\.m2\repository\org\openjfx\javafx-controls\18\javafx-controls-18.jar;C:\Users\nashk\.m2\repository\org\openjfx\javafx-graphics\18\javafx-graphics-18.jar;C:\Users\nashk\.m2\repository\org\openjfx\javafx-base\18\javafx-base-18.jar;C:\Users\nashk\.m2\repository\org\openjfx\javafx-fxml\18\javafx-fxml-18.jar
Launcher Type: SUN_STANDARD

[Global flags]
     intx CICompilerCount                          = 12                                        {product} {ergonomic}
     uint ConcGCThreads                            = 3                                         {product} {ergonomic}
     uint G1ConcRefinementThreads                  = 13                                        {product} {ergonomic}
   size_t G1HeapRegionSize                         = 2097152                                   {product} {ergonomic}
    uintx GCDrainStackTargetSize                   = 64                                        {product} {ergonomic}
   size_t InitialHeapSize                          = 165675008                                 {product} {ergonomic}
   size_t MarkStackSize                            = 4194304                                   {product} {ergonomic}
   size_t MaxHeapSize                              = 2648702976                                {product} {ergonomic}
   size_t MaxNewSize                               = 1587544064                                {product} {ergonomic}
   size_t MinHeapDeltaBytes                        = 2097152                                   {product} {ergonomic}
   size_t MinHeapSize                              = 8388608                                   {product} {ergonomic}
    uintx NonNMethodCodeHeapSize                   = 7602480                                {pd product} {ergonomic}
    uintx NonProfiledCodeHeapSize                  = 122027880                              {pd product} {ergonomic}
    uintx ProfiledCodeHeapSize                     = 122027880                              {pd product} {ergonomic}
    uintx ReservedCodeCacheSize                    = 251658240                              {pd product} {ergonomic}
     bool SegmentedCodeCache                       = true                                      {product} {ergonomic}
   size_t SoftMaxHeapSize                          = 2648702976                             {manageable} {ergonomic}
     bool UseCompressedClassPointers               = true                           {product lp64_product} {ergonomic}
     bool UseCompressedOops                        = true                           {product lp64_product} {ergonomic}
     bool UseG1GC                                  = true                                      {product} {ergonomic}
     bool UseLargePagesIndividualAllocation        = false                                  {pd product} {ergonomic}

Logging:
Log output configuration:
 #0: stdout all=warning uptime,level,tags foldmultilines=false
 #1: stderr all=off uptime,level,tags foldmultilines=false

Environment Variables:
PATH=C:\Program Files\Microsoft MPI\Bin\;C:\Program Files\Common Files\Oracle\Java\javapath;C:\Windows\system32;C:\Windows;C:\Windows\System32\Wbem;C:\Windows\System32\WindowsPowerShell\v1.0\;C:\Windows\System32\OpenSSH\;C:\Program Files\Microsoft SQL Server\130\Tools\Binn\;C:\Program Files\Git\cmd;C:\Strawberry\c\bin;C:\Strawberry\perl\site\bin;C:\Strawberry\perl\bin;C:\Program Files\Microsoft SQL Server\150\Tools\Binn\;C:\Program Files\Microsoft SQL Server\Client SDK\ODBC\170\Tools\Binn\;C:\Program Files\dotnet\;C:\Users\nashk\AppData\Local\Microsoft\WindowsApps;C:\Users\nashk\.dotnet\tools;C:\Program Files\Java\jdk-18.0.1.1\bin
USERNAME=nashk
OS=Windows_NT
PROCESSOR_IDENTIFIER=AMD64 Family 23 Model 104 Stepping 1, AuthenticAMD



---------------  S Y S T E M  ---------------

OS:
 Windows 10 , 64 bit Build 19041 (10.0.19041.2251)
OS uptime: 5 days 21:52 hours

CPU: total 16 (initial active 16) (16 cores per cpu, 2 threads per core) family 23 model 104 stepping 1 microcode 0x0, cx8, cmov, fxsr, ht, mmx, 3dnowpref, sse, sse2, sse3, ssse3, sse4a, sse4.1, sse4.2, popcnt, lzcnt, tsc, tscinvbit, avx, avx2, aes, clmul, bmi1, bmi2, adx, sha, fma, vzeroupper, clflush, clflushopt

Memory: 4k page, system-wide physical 10101M (543M free)
TotalPageFile size 22455M (AvailPageFile size 239M)
current process WorkingSet (physical memory assigned to process): 634M, peak: 634M
current process commit charge ("private bytes"): 872M, peak: 1484M

vm_info: Java HotSpot(TM) 64-Bit Server VM (18.0.1.1+2-6) for windows-amd64 JRE (18.0.1.1+2-6), built on Apr 25 2022 21:53:15 by "mach5one" with MS VC++ 16.8 / 16.9 (VS2019)

END.
